8F8491D6A7AC7A52022F511C0DBB3E8E094DBF6F98D0A08B2B05B54009E6BD2F
679D6C4B9557556FB0C8B5E0D60D44C9B11B1AC4C4A0F106B689DC1974501C0E
D6A61754E8902C553B732D6AEC5D608B49D156032505E570DC1537491C55499D
D308A0C7DF91B3D7238D2F475D77DD0A4D7CFAA6D70590591F5D731A890E5131
9E09D5C198F4945767306D17B57C96BF4E3CBD03A703BDDDFFB51C71FFB89EF4
2444A1AECE37BDA435F1E35FA1798E1764CA799E8BE5E04D9A920CDC66B98A02
B40D4209D5B7DE0B918B5213E515FE2010F2B04018F8DEA0AE75156352BEA0E6
3BB6700C945296C57EACFCB0621435BF09196474E7953116CCE7F87F9D9C5EEB
45E94CB8A1F93F950E2DC069B630AA8771B1DEDA600DCFE66E7BF2FCDD1194AF
35E6231B72A267282E6918081D41EABB6F801545447115FAF64C5D9EA2DB5A56
67C988F8538A16A9E0F353A295AA7D9840B4FC81B2A423635C37530F29612D90
C01ABBFF47785FCF672303DE7601949E505C6F48653374138F2CA0470DA92760
26673A0DD998B9082EB277B88A4C11F318C0104D818F770D398998D266D479D3
D4428C10C663DF2249C63ADE2B9A03B011D004EB07B6E83B9AF864FBAD5B77A3
15D60A2FA04C155D2833A07FB0E8D25F82976DC71C76B4683BD7B7EB4F3BA411
9BBF9C1054BA3AA940F3F4E930D2B82D9A11A2189C28BBC1C4503D13FD952BC9
917B73BE5BF247956104F361ACFB15FB82387F2471A0A32A04FAA38A1D5DB5E3
2D87D4EBB05840B292DAF0CBC48A9E48228BB96E36B7749CA41EDC4D590DD52C
744D9302E62711DF66F9F1AF4F7DBA60384BE8C22E61D3FB1D087D1B8520C031
1EF4A456B4809B5F9370227722F9F17EC8F7C065154CE063A4EC3DB9CA76EB64
6B8C299A05EE2EF6208D9D4F5D16700DE67D8E1F88FCA35F840E93656BCAC76B
FE2F6344F61AAEF385E3DC7C77D9E2740483B480D55590C141CD03A5A0DC0636
F9313BB0F2DFF3438428247379C8D00B0A6A9B842794E2735D9112505B66BAC5
6F726FE964F0AA3494DF97CF298EBA92632973EEF742D422F58827359E36866F
832545E90FEE523335F30BAAAF1BE57B5CF36AA2786ABBCB1A807BA4CC694A6F
A1EA8E11C85E70E8EAD3BAF9CE920986AC1760399EB24E29DFAFEDDE41B122BE
85ABD5F40B707A64B65CEE33113E2E34011A308A3371C305F4288BED679D23D3
68572031128D9A2E701CCE0CD905C8F6E9BB3072D8105C0A0C37975CD18AC749
E3210000A7FBB3CD4A770F7FB1DBF9D004D7478B0730E26509C0407F62D78D6A
44BF7106AF9060577BA54AFD3D62B17E8ECAA76A9C5F4646AFF09C9F9A51BC79
2F76ACC3CB2001A3274AF345C8F39AD79A71421EBFF964CC41C012291EE6907F
4DE4E41B2BA017FBAA6C8B4F29CDC250835391C830C1A5096329EC90DFED6760
37BE53F8BA342B95E14DDAA4534272C8DA9B1C83A37A11E26292982EC0D88215
4FDCDFB581EB584B830265BCDDC25249F918F7B41A9E5AE9F10122D20AC161C6
DB2C8F0B61E4E31AF357BBDBA2861AFB7205DC488A673D6EE2A99C01C011E1A2
B1807BB4E9C158DBEB15CEA039BB46E49C4F63385D341925047D706B77532415
92A767FCEA87A9BA5402091A492F6EAA976688FA569D4302C546AAC748423958
66686D3305D8F537A95C569E199971B369B0D7E07ABCA42FDAC42BE2C9E63150
43962D4D323404BBF0503969B82CA7B40A4D3C28465147ABC568A11DCA0E8936
E03FF1B1E6D3DBD705AFF61E57064B399D438264A47A16B84B310878AAF449D1
9621C61241A7099B8C1F21E9C1091921B6AA592FA095854DB17A528CD22EFF41
05D555897E27797AD4E68916383C7DD6947A831A5EAAE658F2584836E2CDB1E5
A13EA692BBF9FD0B09E7C6A88BAD998768B7C410E9A8AAA1FC28E358950EB62A
B32FAD32A322A924741A759F26D010278E0872B30BB75A008D1E3CD680DF1E97
14C10251AB2A53D0C1786A71C0897A6E3665DDECB68975AC652EE5BB2ADDD434
31FAE7E3EB2357F99BECAF17D7DCEC737A4A825A3CA70B7CE791A87C23C09C20
125D72F3B7347C5D15379F7DB8DBEAA3FB3451EF681CC09472F6B5CA46B2C801
C3869E21C994AE4D23FB9A7E80914D68F6161675A321A14B6A5353A31E2FE455
7D0DA1FE53377329E650FB639BD533DDB053096EB8A06AB7396400871F14922A
492FE18876F90156418AE4BDCDC370ACA7CBCA5A99AF33901A1DC81CDAC43893
BA49E89384EDA4A74B6440C125D2E92DB96F849D342CFBFBAD9CC5DCA182E8B8
35440564665E9146909C162E3BE3A46146EA4F7B397129A2D93127BABB98A74D
97B1C5A741D474FDEAD88ABB5A75E771AC69CC354919E942E967C7F9D10E09EF
370CD2833AF506A7F3E8497EF21153415C2CDEF12BA506FFD594B73473B370EF
2B21B45DDCD46E118A5364BD0E9B9C4916DAA69267B45687DC3F372507ED6557
1EB035DA737069C994D542CCE2359213A9E6C2B69E03C935AE314033B70E9CB8
1B9674A17E86F58EA375C3CC6A5E96A6C7209EF56FF2885D95E732E032F96B84
B2BA7C6B3D892F96BC1AB49BE4145ACB6C1F450321C5A95232029F776EAFE05D
F5F70FC3DC03E3A23DEE51443A5561D914A40367BC7CE22FA34E1F30CA0DD539
FA96BCCB86F40141C5ED187CA1BB16AA1440912F8F906B595C5957F9DD9AC337
A33A19A1EC410C9CE7900B0DA38F9913845A63860870551D86E0445B9CEB423F
56A53588A786AD8F62172A9BD2B2388E2B26A91907A5669E6D76A14C4F2E02DA
7595A0F35E0C8E22300133FED18AAE98F424C8EA6004F66684AA1CDF6F211A6A
28193161B433E6AF6CC378EF7003C3713CE3ADCF1496197DC76D8545E1F386F4
5DCEB1EA62713F7A09B28C7141FA1BA27FA06D2B8F968E7E56B0D9B18B445A35
8DF0AFA6E1CFAADD6A2B188CF830A40F7B9C1D3433ED45CD1F146CEFA169D611
387E5AD988875AE1A33E15B5480B3E0DDF4EF9BD4896295AF7FAA0778593EDC3
6DE3B07E1DA525ACA540612184BD3E0A3E8D13489CB8B2602CD84A3079B481BD
D911CEBD449950DBD57FDCB9AE59C25F812B26D5F06B1A319928CC5CC622D1DE
6A487DC85E795366FBC9209857E74190660EB4F922E5AA13ACBD8A04A0B14B72
4EBF55B58345CC31662B71B3070B3EC7E5D83FA4DEC03DF8D4CB7BB6F5C808A9
84869946875F8DC431B1D081E9A2E4FBB31398D2ED29191C39E5724F1D6C0387
6CFF004E501DA742D93785940DBA0F5435BAB4DA76B827D7C7EA0815F381C250
3104584E513ABA0E9663625F7533A0114AF55D417CBBD1FCF5CB6292DB952F3B
5A1B16BF1B41ABE6BF793A9972B3F9D35AE25A68658B9C34FE5099EF2666B8DD
4ED1CEC047A5CAE1E92913BDA34D212972C6960EDB709B18AF87A84B3DA2E6E4
BB05B7803796FDF91D4908454ABB74FA1185D924C8D5EB9343CB8E74854D2B6D
9E3E723400AEA59739071F6AACDBBDA71893E8DF21B1829E255790CF1F971F36
45E73F578394D11B2764646A4DADF12BBA0CFF4A7EEEBA33E2A4BD5935559BAB
FEDC176F1037924AD9ED9211984F14D416BEA8FC8589773859B6E4386FA164A1
AEA2C827994F33BC6473F0152EC9157E512348D69A04E09C0E99298CB5147EEB
13399BFB555DCD282499B5EF2DBFDDEF8F4E93D2215215A20D0DE8D3DC1A9922
BD6F23ACD6E391FE26D4B4C6420384649F000BF82E9EA3A2DE1AB27EBDEA932F
0D4E3DF7B3D1A2305C10C3FA316BD8F52E6F29EBC6CBCD5D00CBC0C142D3D1C5
AE0EA55E9B2E3D640ABD9A3D8DA4E4F26A752E5C69EF80D50EDF8C3934C317E8
7CD90A9298E42F560F2CD5B6E14351459E1D39AD4A7E844C6312772F230DC2CE
C944C06F03776A08149AC1E1C3E7E032A06C3EA533C68A66E73546B737410B6C
962A2FA2C60C1CAEC98877E82C6C05221FBA7D22C5BCACAE7319E1E665692FBC
098A1FA155673BC01EFA0E3A75FD605E82BAAA65AC3E86B39FA89858A9B8582A
D6E1326DD3FCBDCEBC3F1332F956F6E3B8F42F34CE4894326EDEAFE63D22C4EC
D727A5E41F043BD34C8EF4AC6B637B2E38E499D2768A89F2127A4D8DF1A5A4A5
58DA7E5CD370B55E9AA138FF3FDDDC88E0BA003DC7E31D16D90264052867A84E
835B6E730D611FD4D801400DDE060AD6EA72632CE2D6CD0B2ACD4CCA09A33730
DB3611CD723BA9F9CB317828D6C6C5A209B68AB115B8CAD29D3D669DA793E8C1
42C075A8FD1AD114345840E663B4D1976DCE76DA7CEF1D326D1CCCB16D285C35
52FEE5953F1E72462876CD8AE21F67522674AF29FC7AB4603CBDD6DB146EF616
E9A5AAB5597DB0EE4ACBE90ECF67C4800DFEA1F06D5BA186F0F1E3BE5992736C
19565B186392B0ACC49C0890FE99B064FD425D7399603D8BB563016A2AABAF02
AD891853BC61A6BFF8960B06A097C3E7153782A6ADA3EC1678E9599042736787
1FA6C3CDD09FFC0EBDBB284A132D7E0B7973D94E455DEA823516FFDE60059ABE
4D27E5E5D636B722097327216E978373D275A94BCBC18FF92151C69CBD285AD8
49E78004CC1F3A3F932EDCBCBDCE962ABED0AB707F6849FD786A42334F6140CE
8C1C31643F96E5F4EF2470A5B1D6D820C54819045261ECE9315F279720AFC47E
A94AA840A75D9FC7FB818EF2E6F8F690D9F5841722652A9BBD8A434B60768545
5BC8EF270032C0794E26514ADF137BBC7141E812B338D9C0AF0DD08BBD7D09A6
F77F2B883426AC9FBE5679438FC99C407802B0B6491DFA78B8BAD1A0B34B29D3
CB3CD8D68F8FB8E9A1AC7FE82C3F7BBE2EE9A0B3D68B2F6FB4A24CA66BEC1EC1
99CC30B40F2CCB8D2F44230D6FC6B3D563CE159B32A5625B280962D8EBD5BBED
B3ED83EF01A10E228D6FED5F10868670CD70CB9EA80B8B9461E67D6C6CDA1FEB
4D1C7E8E0FA33A5E1271005396EF32631D2C2B0D36C031C5E796BEFA6ACC330D
20DA8B9D69C514916AD08E0B53F4AE248836A7D3121200879850A8BF16D8723A
530B8704E2C8CD25DF0183679D0FC60D235AB776935B924AD9EDDFB60A5501CF
894D138686F1408FC7D35E1B0DC4E6DDA7920016EE3B6FDE2BDBBBECB258CDC2
81A2E61A664ED5E295E69A6677AE3125ED3203D9283FA7DCC688FD554CE4E4B9
DB3800E252C4491E4A12DA94B4ED17ECA907A85E60104D139A10D55D6BB5D76F
E9FEDBC4C447E959BBD11D76FD3D01F515B872030A16D2B3FB544B76630E1C1C
D37CC88AA04C271A7B42F19A6D58F6EAFAB74CE699F2D6B9AABF192A6C3EAC4B
561771C989668F20EC37B32DC6E949C8B86DE42D82CDBD15973D36643CAA5373
6E0D47A857BFA7D913E77988070CA7FA02050CE694968070E77494FC8F220E2C
CD218154A7DAF4641BACA973C508133F179901E7CC381B24EC8F4CFB0BCB5E0C
3985A46FADA51820572AE9110B95D7522B2A22689B1ED7BD95A686808322F4FB
CCE1D4BB31A49F58D7CE211CC4A1D8CDDAAD0ACF9358CF3D3D5D8BB5D1D34991
5D5016E2C08E2C7FE479439C1CD84B7FCC807B2AD3239687F280B9EFEA8FBE9F
6C0AB30BD4B69A8C4F60FCA53DB16FF724A77039F3F9C35E402D446F050EE297
CA3345A64168EC7547E7E2B04E89D66388D0C47D38B870862DB85D85051DBA8E
142744B8E5A61245BFD79C50ADC30A76F9FE5134FAB5F5146D627AF9B5CBB579
