005DAFD51FAEB6F1F5619B7A0011572C21DA364E7B1281B32BD5A540949968EF
007C3AF4096B85795499E9792F03938882E1D0F308D335E0C39F1EB6596E937F
00A163FD14B06B2F5E57C5CB7CF63CE3D0CE8519A077DB59B1B036A50CA18714
00AD5D89CE8674F34914D6A3320164918C388D06187733F847FB0ACE384635E2
010D70919677796E97DBA4FEB5E954535C5D270E7642993F1A7F62BFA4C0AF6C
011503074032CF51424E5CB15390152F8A0AAB402A8CEACE045F52B7273F7B48
01329B4CC86E29A7A882BE696140E8942462DE61A07D730142D0F6B00A75F767
014E234880267C9842A89F5866D5CA84E8C42166B74BB391BDCCD3C210BC111F
019E705E21AC4FC87BB86C65A2CCEF862F1A3D8F9E735E73C6984D8C0B00F80A
01C761EF285364B72D1B01FCE61ACA41CFF299959BA3FFDD32D01B1E09DE7280
01FBE8A7C30F9941280255CFDEB1A3A3D55361D3CA628AE8C9C74B3B4CD0B264
020BEDEF4560F51EA2C074A46786E9EF5B57D58989ADDEE2572E380F7EA4A26D
0258B2432408DF4601AB7A6BF90197F67256ADD1251305143E55A544F637DF47
026FBEA586034ADE2480F777C5B60EBBF6D2711F7CB8BB791CF0887C26D193C1
02761870A1B4CE048C6D89D8B7D1199D30BA1F19D4FFD9EB5D6F2873A488CBE7
02C1BDBB0C4F8F71B28203E008A4901EB8E60D5555F6FC01491E0142D8888C69
02D20A02E2B8D131D1976EF3D9DF9BFF245C3D728F3112E8EFA58C87FD846963
02D21AC241422B76F70BD63FF101C4677AD4531B2DB763DB131D52B009A1E2DC
02F0D6C534701E8129DD6F0D9661CA4F7ED56D969846D6A2ABFC902FFCA6A26B
04301B5E9B4DBDD6AF97C42A17044167F2FCEF40DBC49C724CD9FE57A4B9F9E9
045D8097CBC116B83007112B87E212C8A44CF85EB3957737C2C3B4B898B45C3D
04736EB4E88190188A64B91516D3FD2E6721ABB9CDAFA4A09A25D86104197EA1
04E9449DDBE1F81B9B4A90C5F836663D1ECF5F589488838D9512D7D41EC1F660
050D0213381EAD3D72487B8B04C04A85F58DF0B8CD1DCEEED927219F168AB3BD
052C8B59DC6F205FABB469687875F20F2AA91A9889F19C1BD0C73530B0C7E9D6
0566FDAF3B6F6255FACF99E3D51E0F939F582541EFBCAF937816057429CA8A60
05BB20C8AA6E72F13076A1616245B1B579EEDAC668D82DA3169C7FB61AE47CB7
05D555897E27797AD4E68916383C7DD6947A831A5EAAE658F2584836E2CDB1E5
061092E1F8BF9B3CCA6D1EE33FD341ADC088988EB71D7B38AC5E2C95556DE1A1
061A0BDA66E2E44F88C967972D0C8DFFE27E03A31A24D6CDBE1DD532AC3F3E84
062D68A76AE0A55CC8A7BC7CA68C5E2D887173C7DA26522694CF371B197DB2E0
06344BDE3A1D68374D4080F1C8D1C4C14B6A3B02703BFFFBAFF689E5AFEE7621
064769159C6B97536F8D4680275145FDC33D734CBC7DB9EEFAD4970EB9500B68
068A1AB0E238A6531ADBDBFC04593143CC7E1057FBD6CF7B8658FA2332741109
06992FAC947EBE16E035739A2477A66D6D67119EDC4247E14F97B3EF905E1B4D
06B211C477193AB25A47E058FD50901EAFAE09715E8457D6AFA2906FCA4140D1
06D6461836CDF9E8801BA8F1060FD13EBFFACB8A9B21373127D91621A4404A72
06F84A925E470B3906D6850816FCECE719D89DD5014A03EA22E9C54BAB4FC944
07000FB66B501DF40BAAB456E22E920578C9CB966CD77EB9A8BF446173C7B977
072C3995CFD0999C7A59E44205D4F96DA18A4846E298889DE46827C1D8945B0C
0744C55FAB9305835294DA8AF6DB3399EE957020103E66C4090DC22972E2F074
0784D69AC493E2C44DADED3CA4B87C753369779AEFF0A8415031CF604DB8E3C3
0796B4FD68AD40E7A2E79EA805C297EE0342D20042EDF2B49CFEB70B18F5B98A
07B559BDAE6661FC17A5459915AE38DA2BC14F658320E3A15C01E944EC830F17
082F3E5C10622D40D00A4B65744491B70CC08731F338BAE318A013C468D6CA66
08320221522722C812988CE191E2D8B9C056ECBCF6649EFE237DA1180F7F03C6
08F4D831DEF27A92F2C8FEBAAF5801489C95980A2BFBA7CE546C10D2DC168F53
0963E0435E5DCF4B0013CD711DD9072542FD69B2C4B421D9228E8CF90844C2D0
098A1FA155673BC01EFA0E3A75FD605E82BAAA65AC3E86B39FA89858A9B8582A
09953CCFFF90801929617164E6ADCDD0308B420591D184C8D8F63DFE02441767
09C3799D657E5C04AA11239739C7F2D253E616C3679A0996BE63A3B1747C7B1A
09E8C66A6698568711A46F23481A2157669C268B4DE00E97E3AC6E54BAD89965
09ED39599B101B2586C1F2C1CD92DBA29466FBC46197D4252338243A82F93C78
09F0CF33035AC1E5E8C182FBEB2C112A88446946AAB572278F3202CDF5A6DE6A
0A0FEEDB8D694153AAB6DA5413BFE70C92BB2481B39684EA1C93D8BCDB292BE3
0A16A11918AEE38474CFC44002688A86C7CB1426B3C8145100A29D055DED851C
0A7F9AB7EEB05B58E24E1B5EB09F62B5F0F40EDB546513EB848A7FC34C50E261
0ABE48A20D29F05895F541C732E7809CC6151AFF1F2BB53EF599B150B1F239ED
0B2243A22C5AA6AC94CEC88BA57E953B1F6381BF5AA50411D246D548835BF1C4
0B326425A99E2B7E4D168A745E83DAB6E1280BE2F04536602AC6F310532F1252
0B964D591D64DC858CC9A0664AA0AE8663D32F0334CDFBDE4FF1077CC4F39F11
0BEDB35C942A2B643D0C1AF9036CEA003ED76BC0388A742B06797DCF17B897C3
0C1CB09E11251B6B4E3345A7D16C8A9B31CC574B33725585474C5ED075E0544F
0CA5A9F5141CC53AEBDD7A7D03A6035F49A6E1E809472F403D3ACB05852DC59F
0CF582943EF49C74F5AD2982E388E70ABE485266C7F243B333F62E4BF5FFDA13
0D422DBBC4FB38F4B215F54F4F389F849369B4D61620C36714E6E53953E3165C
0D4E3DF7B3D1A2305C10C3FA316BD8F52E6F29EBC6CBCD5D00CBC0C142D3D1C5
0DAED7B77B5F2C7EB2D5E2A4A1AADC4E75F348D3145C25D899BEFAA3C788B749
0DD8AC69B2E3AA6F45832ADF6F4B8DEFB40ACB37226E6BD2B1C3D8C63A2F5430
0E0303B39D9CEE2AF4D5CF2C441A248E9502569D1EA8CA2F0C82979C85284F0B
0E1F81A6EE8AC017C76798E36123F23AD5F9FECA5C6E0418E993CC01CEA5E6B5
0E3ACF338C2FDAA1E04A7AA76926709459AB794FF1AE91FA25FABBB5C855A3EA
0EE446BBB2D58FF0EFFCAC70BB0C0AD8046542EEEE33FD325D431849AA9D068A
0EE76DB266DA5F5C50866238B1B6043E88ED689BFDDB7C6D7B777C8D557FAE95
0F083B6E184B06B2A7409AB4EEAEA504BC8868FE64954BB3BC46EDDE4339E18A
0F566F3F4D562F67374078980C91DFA6E18A8753BD09E25ED053FA12E0D4BA63
0F6C8A97A37BCCA6BD87090C8C3C85CDDB11D9AC1FDE26A3599F87BB908846E6
0F97A1D88317A448FE205B196695E233ABCE3A8E7DC236C2C2BD6DD67C65D74A
0FCB29B1FAA2AB647ED2D4858FDDF70FFBEE5193003A469E79615310093272A9
0FF906221E3493497884E8829F95B508F741A79E732290E6153BFAA31591329E
10688201B936C0626DB35907ABB9FC4A953A5B5661B0A921639DA35D1517EAA7
1070097870667F330E2A4D37B035869E5287EDCB220F9BC9C860B98D54CF2EFC
11ADFB20BA77096406CC11F9A276DD9BBD43B11EEF9DE73A28A04539E923B940
12363DA685D4121433F08A34138EF30823CED4693A9C0C1998460D73788602FE
124DE21A08570D9A98F6E60FF354A2EEB2DD54B8759C78D2276CCC4FB6FD7DDC
125D72F3B7347C5D15379F7DB8DBEAA3FB3451EF681CC09472F6B5CA46B2C801
128D75BF4F39584260BDB57985BF7F461630E77568EC97D951F0681DF700EFDF
12B070F49413F758F6CA29F2B5AE7A8842548260DEF8500296DAEDA0C27C6176
13399BFB555DCD282499B5EF2DBFDDEF8F4E93D2215215A20D0DE8D3DC1A9922
13E9A500C25EDBBF56D6D16898C3530D20B326C3EE08BBD5C989E91D86B913CF
142744B8E5A61245BFD79C50ADC30A76F9FE5134FAB5F5146D627AF9B5CBB579
143884265B2A2D7E75DC01977E40130787D6EFEFA9A9AFA4E900A10FBD040E06
1478F03249832819540F852C6EA4CBDE85976919E5D7317254E3221EEF40E55A
147D96BBB2F7DE511FB972DC7AF0A4B61C443BE9D0D1F7223EBAC56B9119D9AF
14C10251AB2A53D0C1786A71C0897A6E3665DDECB68975AC652EE5BB2ADDD434
14DDDDBCB6395363B490A32C33A8924E16F94295F77E2DC27A1453D754465ABC
153A7A788981D5181071DDB4D39F5856F0EF0084208344A9BBB9CE1E5E4671FE
153AB7B3FA86F9B449702F14304E8776DB3F31EC634D03AF549BAE00FC0503BC
15592ACE70729355272664E25341EB950DA6FA86429C5FD653C68F342115B481
15CF8DA0DB15BE2DF8FADA9042D88F75752C0A8D5FD1699697151F93A135DC0A
15D60A2FA04C155D2833A07FB0E8D25F82976DC71C76B4683BD7B7EB4F3BA411
15E76717754524D0EFD8684F4B8BBEFC11582E640CFA6144CC84E96B03A1B526
15EB6BF8F9678D19B9519DACE4DA19AF390996E2EBB42B7E230E5D97EA7741DC
1604681C50104F0D6DBCF7A5C9997143500223848164EA9DFF238A95EC9CE763
169E74F1811004482ED4B413281C0D93B150C56671CCDAC74ECC4FF20610DF87
16A34D9FEE0CDF43634519F0B948CE09DC275313D7BFCF4C4CACDAD338F0AB95
17032BB582B58FFE73DBD45CE0727A90AC59FA6A30440323DFADC9872017593C
17064F006C5BFA4AC56A95D7902D014C22F64A0755FFFE45C83D7C49B23FF274
177E3EEC13BB9689E113B5DB5EFED741C5AC792EEB2D73A3F29A2BB035F47977
17E801620F87F1CF982CD22D43B32B245D38140FC275F2751E3733AAAAD512EB
1837E5B7C28757AE8CEB311F46E141045D5DA80295AC3AE5EFE3CF6E27D6C0E9
1859C52401270C5C0FAE83690FDA6E9C16C313AF33CCDBCE53230ABBC1BC46EB
1874F503151FCB80835FD96C5AE96A0C5FC98CFD438170C269E52061F85DB30A
189E0C5B96F1F3CB8B6D7FD2EDB3F3303B75AA541123C0D6341188B81F5F7917
18D95F73AF842BD527BD03E4FE8C85945C6DBB438ED3DB6779EC2799544DCFBE
19565B186392B0ACC49C0890FE99B064FD425D7399603D8BB563016A2AABAF02
19CE2CE7214507DE4C145BACB0533342A72310E4C785A06338EDCC02D49285B2
19E5B7ED302AA097DD9EFC86B93827AD2DB620C50C8D1CF3F9FFC1B45F436CD9
1A9F7CD4D6A8C285609FFA30AB35C071051B8B0766D845692167FC93C5EEA8B0
1B18EB2513F18BD3A6180D7578C971556EAD46DABF76BA982A7DF6A3C3D66234
1B234B836AC9F1C3ADA8F18EA76F93C9B3C292807B02C46474CE16CD394A1615
1B9674A17E86F58EA375C3CC6A5E96A6C7209EF56FF2885D95E732E032F96B84
1C24A1BBBFE9B4D020155CC80A15F28796F626C66595CCA560DCD4C36E9F282A
1C6927CDC444253095CA0BE5A257FC131A2AA1EC988403A00E814537CB93F076
1CC3370763DE186BBC1D5BEEA6901032A952B3145330716D3F2CE8E268AA6FEA
1CF91E4CDAF94E8BFE78D74EDB26A1BD8B783AAE3EAC7BF73391D49C5C8C5D83
1D483FF08F52228B7EB303DAF631AE659B51FBB57095DB51D6B8863A49EC137F
1D99AAAA33489C22F1B1B5F2C1F58E28E93054A42337D24A99C6DD351C41677D
1E7528009E7193EFB5EFD7489CB334CFE25FC823C58DB27AD96B2F250444A46E
1E9DED157BC1B27D69E11EF1298254A171FF4793C8CC7C540C3B01450C6F4C35
1EA792211E69BAE33C21AC56F6660BF1AF61E85F0DE1795DA2DB748E5A57AEFA
1EB035DA737069C994D542CCE2359213A9E6C2B69E03C935AE314033B70E9CB8
1ED42EFAE26DEB5488A8DCD82AE1658790615759D9C9CBD911C41D9B20547B49
1EDBF6AEE8679365FBCAF4329168BC65EF35BB2E5FA962D5E069B754AD95D795
1EED2A04E4F3A0E1F844A3D96F79BE59AB3CD5B92690D56191ADEE66082079CD
1EF4A456B4809B5F9370227722F9F17EC8F7C065154CE063A4EC3DB9CA76EB64
1F9817D29DC68E634E96369C5F551F22F8596BC72684AAE93E4BB5501CA77F9D
1FA6C3CDD09FFC0EBDBB284A132D7E0B7973D94E455DEA823516FFDE60059ABE
20624B443CACF8AB6E063364FA340CB0E64C19EE24248E4ACD666CB7DF110C5B
207D087E1D9179908448E8460D7E51E5CE6D4B3A43E19EB021817AA46BCD3AB9
20DA8B9D69C514916AD08E0B53F4AE248836A7D3121200879850A8BF16D8723A
20DD99CDB07FAC670B18941685864ED411FBC183912A2595CCF14E3CF8DA0DF9
211691EC2239A61D4C8F155D67D5DB0781887D6AB72C17C83B69BDFC6C78AC67
2186AFAA99938A1901D6743F42FB537D9871591FB55F7E353DB4DA818FAE992D
21B40415F363601E1BD91398F215E40DD2AD8BA293D700B915C7335B2480345C
21E0B62CBDC6B3E82483EDFCFD6A3765C839BAC8D95928731ADAB15601C74830
21EFBA0E19E14B727A323656CCD48F74B1D9F8391A979BF2C57BC1F69A98B1C3
22D66C1AFE395E08A02E35A5B9F874D20608CD3EAC0EE32E2415F522408891DA
232210E1244AB8A5C9E0D31EA7F36ECBF303F4CF9276BD0018A50495AB5A819C
234DCA80D15BC83D98EEE81EC9F06ADD23504AC2C0148C5CB20C543DDD1844B7
2395A1318D146A0374280858D873E785F19CD21AF73FD70E86D1097B51420149
239D5F86C866E1295E09D4157C8D2EA91C25D2EFF67054A590A3FBF738121B6E
23A0254E89582C7A47F509FE60149F44C9A072FD53C62D8546ADB7B661DE1A1C
23B1EFBC4ACD20372ADB549EEBE483A0B009746839C2A3F0E428BF6241CA9227
2444A1AECE37BDA435F1E35FA1798E1764CA799E8BE5E04D9A920CDC66B98A02
24661931839644A8234292D2562F708799E019A0838B21CF7C704AE0AED9F85E
24AFC299A2D5D8BF5731EA8076C9269FE6774DF75151AE9BD9F13780B1C0CB9A
25E6CD1DC6441B70953916EB2AA6818B8F35537A158910615136654E28CC0EB4
25FC339808CB9F55D4F4DD331CA46F47ECB330E29F85DFECD90872211F323CB1
26004ADF6D8FF65FC9A407E6A640DC4F4DF4F2A0E43F91CA8AA4D6C0BFF8749C
2612836CA056848D25BFFFA35DF671529738162070759A2ED6C0B288707AB4AE
26673A0DD998B9082EB277B88A4C11F318C0104D818F770D398998D266D479D3
26C82C68E0D5B369C417253F49FAAD7115B9222C57F49A36E2D72BD558672CBF
276438392812DE4282B116ECF1074A7D77FA812B7D459B1BF381AD7C2C296FE7
27D747495D6BE74B60EA44CBA2E47BF16182D5FFB9136BCD6F6195B3315AC066
28193161B433E6AF6CC378EF7003C3713CE3ADCF1496197DC76D8545E1F386F4
284359DE63963F5B91AB414BC3894FE0C55B307079A9C9DDD167AC8BD7B3D308
28F03246A25606D2389BD508F1A3D23B2E5F6F86EA1F1BFBF1D19331F42275D7
295AFFA483615C6D619CE735194D6570390BDDDB968F4E11FC0318C43FEE3926
29C2627ED82D9C75C914B28F80C31225B322D9D517532F996FD7F70B73F3E984
29E4A2AFC4DCDBBA5EBEFF49EE9A28DC3F4FE23BC07D4AD04AF07D4614A9F19B
2A3B98CDE7F24EC2E439252932453959181DA939CE00406AF9C36F745FD17929
2B21B45DDCD46E118A5364BD0E9B9C4916DAA69267B45687DC3F372507ED6557
2B6CD8F9FDEE83F1AFAA7EA585052916A5AA8180A537EE4488DFB0D87E26930A
2BDD56DC450A6C570EAB931CE31F7F308059176CBFF46BF2C1AA78EB26C48A08
2C1CA341F367345042BA2D4D8CF380EDD7D233BD04A9ECEE7DFE37652217114A
2C2424F460CF213EC4E2733C8BF7DDDFEB272A687384E17683B3F9C2745296FD
2C4A5EA482BA2F71554822E2770B76790F45158315209D394FBA473BE90EB143
2C656A91CEF5FA02C51BA13A5FDFA4F402EFA0BA29EA3CEB2CF51B7A7AE7B034
2C9FA51A0B98C3CC31DE6D8C913F2A99ED4E09714E1FCCE764B32E5DDB657BDE
2D554BAD7EE7A28E9AED7D4E6E06F6029DFE1E52CB5000F36EE4D8F997F55E07
2D87D4EBB05840B292DAF0CBC48A9E48228BB96E36B7749CA41EDC4D590DD52C
2D8D063D771A5E4B7DB9834821F75CD336C3739BE74533C899CFD4DBF3FF2BA2
2E19202CF3C852FE99A835B5D8278D293EF5C45D2D099B6B45FBAFABB6212045
2E275F6C7A8BB3A5C37D697A0AE78492EC78A07083E1D0A28329CB7F7EB202CD
2EA87495BB6B38964F000C96118A571E77AA101E09E5F93589FF4A6AFD881338
2EE15ED653C8D72A4970B2D5740B31FEEE9FD4EB788FB47F27D298820E4E4C78
2F0332FCFDDC40718182FF44A80F7A0BBE53BF9CD7AD1C4A80AA4A367BC7DEE6
2F149F9A281549BFD0F76F582A7176230DCF6E126CFA4694343CC4117C974D88
2F189410DB0C4F41FB02AE4F4D6890E14E8B0B337A3242B5B8CEFCB5EDF9E6F4
2F76ACC3CB2001A3274AF345C8F39AD79A71421EBFF964CC41C012291EE6907F
2F80EB3219FA81CCF01616E30585E3FB7765229B8F69020EBAEAC3F94506D7C2
2FB3615645255035B22980899547562F096DB8DAA1F5CD3697A665C085F85B6E
2FB9C54FF171A99D53B65EECA875342A71657BD9CC8E19A47098253BC3740C8B
2FC41B9B9B068F214216F855599539DFC3874A247CFBDCF1168BF0B858026857
2FD658345838F214C251A55309A1E78852E3967C57F28A5501AF8D1FFF4FCC0A
303A9C1F5003538B5D4048A12622BD5927FC7E85DAC9B62EC777E9EE332747DA
30827934145AED36B4DFC6003C82A265FD1007213009B3DDE3CB67A2E8E1D492
309E94130D0F4EE55953922F0EC403F4ED3748FEEFCDC07CC2AE4356FA422C8A
30A59B88786BF2858B44E3B536BEB9D8381CE2AA979EFDE565E94AB22D9CFE9B
30A73315B924AD922C1272487FF06A109AB907ECADCFE6ACA2D7571E88BB2FD7
3104584E513ABA0E9663625F7533A0114AF55D417CBBD1FCF5CB6292DB952F3B
3129D67F6E811869448C90AD0C839CBF4C86B1F6C2C62D72B34464F0602287EE
31687B37572F0612A559587DF76A2652A5764AD3DE29E4015AD960F5AE642AC8
31B31BDCACEF09BB6B0670884D93026644985664F9C1038F84822FC9B7A52CE4
31E7042499730D2972D09EBC1F73BCCD80C58BE7DCC70B2ADE524FEA11F9951F
31FAE7E3EB2357F99BECAF17D7DCEC737A4A825A3CA70B7CE791A87C23C09C20
323118BA2AAB5B73143292A3438CD88542B8C87159228CD1BEC9DA955C5BD726
323BB35AB85F85AAD2968DD8BFD768274272A8DDBD3849D8F72E982E4A8C918E
323D56B981842FBBC90DA687AE2A7A62F7A43F1DB623C89D3B88C7DBE2FD3C13
3242612D8CB022E85696C84ADC9260885F9D77AF6467D7326D8514EAA5EBF707
3289327927D8B285B888C479C2238DE2BBA1242301DCE7B9A3DBAAFA2ACEB1C0
32E5717A5CFB4645313DBB5CCBA9C7267CD5F935B5FCC51E0F0BB037D8FCB246
33292870951748EF5011F9190419AE67FB7269885A8A6C2642E7C9F4D45EC05B
3329CF32A9E2766FEC3DAA50DA4A61482B00EAB0291D2173B2488C59720182D8
33B4FF740E0DCD99FD3EE9AE13378F068AC6EC17DCF0031A72F3A5D7E31EB5C7
345E22902344DE0A45F600FBBE9580066C038E90A9F62FC1010EF68F9E2528B5
346519061B7D9FB46F2A2A83FFB5002D50CC831641E872A6B9BA87B9D445BCF7
34C668588F07AC74C7BDF3CA8D10139683D92EE1649FBED590D1C83045266421
354395F0B9D968BADF3F9603D6074CFD9A7D569FCEDC4996CB15CBF221D7BEEF
35440564665E9146909C162E3BE3A46146EA4F7B397129A2D93127BABB98A74D
3581A6998CCFB91C596A88709EDD8C69640CBDD1ABD31C579D7D66CF416C5A3F
35E6231B72A267282E6918081D41EABB6F801545447115FAF64C5D9EA2DB5A56
3604CD94DEB22F7296C59914B88B893A9BC52C9059139588E481EED2A15B151C
363323E63D0C0D9326759E76AB758216F9FB566A9D527FDCAECF533D92E8ECDD
3648491DE676615905648DFF4D4C0334F12A4898437006A7E3B0712D9D6D91BE
36A929469EDF7C802962DE570C7C1BE99B9FE71AB2E25B5D1503551565C604D7
370CD2833AF506A7F3E8497EF21153415C2CDEF12BA506FFD594B73473B370EF
370D9A947A88FFE99C2B2836F5507EDA670C84F3380720D4BB1E57757F1B762A
373E34BC3EE7B32101A62BC50A5E6467D0E5D3BA9431E5FD1B511962FBC49020
376BCD1FCCC05309932520168C90136A7478CA9EFF4320B7E2F69119DA2C710A
3788D6642FCB9F99E62D668B1FAC0EE09B24B3957CE5D417BA957CC7086C4FDA
37BE53F8BA342B95E14DDAA4534272C8DA9B1C83A37A11E26292982EC0D88215
384BC85505EF7370EAAA93CCB2E9BFEDE72CE7A7038C35110E95FF1361EAA1E8
3853B56609495D02E09398AF572442BC0EBD17E2166F08E0C9AE295FAAF8EFB2
385601A65E7765983B29B906C4BEC2F8FCDD380C248BBF323E96759906DE0336
387E5AD988875AE1A33E15B5480B3E0DDF4EF9BD4896295AF7FAA0778593EDC3
389CA5C6DB8A158781943DC94B618976A3352EB588289DB8563C8A3264DCEC24
38A15CAC4D9884024A9A308B6B60F0DE3C6C98CC8AB60670528FE1CECAF279FD
38BC2BBB6B54081C85A2CD7FD262EE434C793EF96375DA927A1C6D6DB44B3149
3922501EAB5BCF14172DA2EA649344B58BDBBBAABADF3A653C61B48393E95332
395F84B2A9A6B2891D5B2ADCF837CA5BC61B3B9617938E30D4E71B13E08972C2
3985A46FADA51820572AE9110B95D7522B2A22689B1ED7BD95A686808322F4FB
39A58EF7BD77E16CBDF703218E33D330FB8E489DBC8748E2C146DF34823FCC22
39B4CB832BFD5BF989F3FA6BDFBD49A02A6256DD1FF13B77AD4D5EA8B47FD494
3A4EB115878857971BB5EEA9ED53C6678A5953260ACFD6AA9B368539D3EC6D75
3A6C255FD5FF6CA5DEE9B617E16F37E060CD62590FDEDA6C265F64945F312211
3AEC67372F103DECD6E247A0FCD628B0C0C31BBE1DCDBCA9DDF7BDA8DDE0A08F
3AFE144F84E0EE6CC7662515E1F9575D3EF550F4CE331CCF1504B6FCE7EB6AC7
3B707E6C3A926CCB680C09746A9C4D5DE850B83266487C2591C794A56E6C5537
3B95A92C4C19F2D11C87821CD0C3D0CC1094F66762B7E09D5A4E7DC09644A15A
3BB6700C945296C57EACFCB0621435BF09196474E7953116CCE7F87F9D9C5EEB
3C04D0BF7DB52761630396E60C8A9D0A7882E08996B471CA6D2A54A5AC66A2D6
3C310C16D670914B0C8D83BC9327D098526E364679937281C09F34D80183CF7B
3CA5A37E37EEF383223AA8AD8FC1A6E9FBAB99FC1D2A6633C9C504EF4EEA9F8B
3CCA61A0BA1166D49331A31E1209FECB778173CA47156DDEC615B119C079A95A
3D363DB754DF3EEBF9FCD1F7829FBDCB2FE0C067E6F68B3BA498130988A01198
3D3F730B03E759D145AE364D5540287CA343D73F38939A9BC889046F9A308F1C
3DB8EEA4152F597DBC0DA59B1B55707457F7CD1212923FE339364595CC8E09DF
3DF800424C6A74501BDB56EDACBAFCF72B2B3D70B1DBA184B5F73186C8BA8260
3DFD505AF2CD9456BDC188424E3F2F7C2370C3533E90C869418551F7F1A05EE7
3E2E76C32637D5D00DA35DD1BC3BC02ABE633E748814C973F7D07FBA8599F353
3E91A22E142141B59078075ECBA8AAF5DF3322498180715C0BF4058AE8A7E515
3E995D0CB9FCCC89C26772F86EF09CE331522798349789529382CBEB622A43BE
3EF50C2C8543DBB7FB58FAE536D6852184CE7955FA5C296838179BF034D3983D
3FF75A906CB5F9C8B93943793DF4E72CDBD5531A398797C00812AFAC814D0DA2
4011B5A9C4C6581DF68F570C9397152B722908E71D02874F5701BFAB76CAEE55
40802C0E7AE2E79566856BF4ECE5A3E13AF20A12754B2DE99B2C3FBDD2290E8A
40B2DA0B2F5A8D761F416BEBE35FAA1FC7071629651AB537EE43DDD9ED131312
40C3D1AB10F3AAB2F6CB39A9F8051339FDB02D8CC8BA39ADC610D430C716F7CF
40F536C306675BF1C10231AA4C4FC4919FA38DADB946B4F35E14B88C5EB9EA83
412A8486D51DBD57A8CD656BB3C4AC8D309CFA01ED271A13DAA29319A627D9CB
41E26605B8FA736E038B0F95857B32D6729095201321E7F40FED36A98FC7F1FE
4230079A449FB2EB408DDC713C986068249D72F156A399E0E5852D5859D11937
423410FAC0AED71FABD742B7651D8D36631BCA2983A8E933B1F6297D2A201D30
4288F76945D8661673D413E780B292AA3EDA0BC8F718B7C4CA324D1AE07C1C88
42AC99430A58E2AFEE328C114494CF19FC01A8DEF697FB499B8423EE496C9A9F
42C075A8FD1AD114345840E663B4D1976DCE76DA7CEF1D326D1CCCB16D285C35
4333EAC41240DCF6300793C0C463EA09778FC6F98B05DD0237983208CFF9B990
4377F58BDC4791C5B5710BBDE3267346A17FF28EEEE0E177D158FC25A5CBDCAE
4391B61F72BFB90DF5BFEDC4A3DA13D5300A81EE0F0E5C4B20664F9485242A6D
43962D4D323404BBF0503969B82CA7B40A4D3C28465147ABC568A11DCA0E8936
43DB9A1ACEED50EF042F5296FAE9C77DB8592BBEE0F0456DF17DB037C1B28BFA
43E83A156313BD53129B17A9618112D18E71BB27B7E621D2134453DDCB5F3431
440483E736A4EB5A1C903318FBDA5CE159F2B93F8ADB2FA31D943EC4B65E3F7D
442AEA9D4991CEA7A1A2297E41B87FB299BF9C0FCC25C2A0FC6E3ED26E5061EA
4435A895D598282BD001F86B1045CF01E14AA048EE0A1B80B01F99D155AA25D4
449DE7ED5D48C678E1B7496D6E1A5B1C4304CE8DA42D974E0997BE5446286816
44A11B92642FA9D6D0FBE2DE363AC35A250AFDD3CEC04885D0734C15B2E1FBDC
44BD494FF2D86A98C5B290A66CE295FAC11263595521686BE262187116700BEC
44BF7106AF9060577BA54AFD3D62B17E8ECAA76A9C5F4646AFF09C9F9A51BC79
45201430EE5EA91693EA810752AAE9D0671E9489F9D82CCBEF387E848B98A9E0
45E73F578394D11B2764646A4DADF12BBA0CFF4A7EEEBA33E2A4BD5935559BAB
45E94CB8A1F93F950E2DC069B630AA8771B1DEDA600DCFE66E7BF2FCDD1194AF
45F3F8340227AC5526CCE6049B952D195430C3B3CCE4A0D184E7399EF5DAC879
46F1236EBF48F97FCB73A0A00A92EFCA0039AE9FBC3CEADB45A451B9E088F1F1
4735032293C0BCAAC7A8AD52284A3E096D7476CD7B32F07DD2F5D5242C82C3E5
473A7FE8F45987CDAF3AC9AE912723B6F0D5A5EA96E4B41B87A1577AB8FAE2F9
47ABB9840165F735650B1A9F1097742CA3A137FBF59E4C1BD3DA1A3042379E99
48226289F884360872427CD93F02CBE72F37F8A9DCCEF67D733D7B3798E03962
48AF1C413BECDE9F9E7A6DAED1801CEBE112B643F35E6FCCFC751B0D9B03E2F3
492FE18876F90156418AE4BDCDC370ACA7CBCA5A99AF33901A1DC81CDAC43893
4931433A6C454F533E1D88DD7C52684729BBC2310B165C27C98B8841A5E7221A
4946AFB273F9E8FDF7BB8A03593411ECF408EC8EDBF4B5DE16F0F84798F0F851
495E61765FC6769EC7A36453555BE3BC4953CD81DF230AB032239F1837325339
49E78004CC1F3A3F932EDCBCBDCE962ABED0AB707F6849FD786A42334F6140CE
4A0E0DB7175F4B84C53FA39414CC1A71B081A5873060CACF79D53392DD332AF3
4A31B0AD528C386D296D1F8FDBD7BEF8B9A3D4989B17AB43EE96E7B4D7C74ED1
4A57F28C72272563574BEE6AA965D35C3D6DE27C06FC5FC01934DF31752ECDBC
4B09C4B68BA4BDCC38A9E4529C00B85DE91C18FA2FDEDED1DF03F7C5EDC3D1FB
4D1C7E8E0FA33A5E1271005396EF32631D2C2B0D36C031C5E796BEFA6ACC330D
4D27E5E5D636B722097327216E978373D275A94BCBC18FF92151C69CBD285AD8
4D6C9FBA935DE5E537CCB066DF7F333226B3FB286064A779F67B990F364A09C4
4DE31F021166FA0D97D8B7DEC48CD32A253485199FCEFB8126CEC5DBFAE965A8
4DE4E41B2BA017FBAA6C8B4F29CDC250835391C830C1A5096329EC90DFED6760
4DE7E0FD32A13E0D9CDB0E94C81BCBDB21194F23CA08EDC9A48F393B964056B0
4DF370FCC1AEF232AF537919CB39EC182495250171FAC6E2366944C8B41575A7
4E4194447C481AB51CAAE3112072D5A440F7A4BD0923D05E5CEB936BC89AB60E
4E4D6B7037695B9E536B20E708FFB9E3AAB1AC415CCE58BE64D83B0D86F6B13F
4E621D019ECFC35865AC23242DB60C7536F745B9BA8BB18E5A074DCA9C5FA443
4E85C9F3655DC492DEEC16610DACEACB897E20A54EA826887465B6932A38CF0E
4EBF55B58345CC31662B71B3070B3EC7E5D83FA4DEC03DF8D4CB7BB6F5C808A9
4ED1CEC047A5CAE1E92913BDA34D212972C6960EDB709B18AF87A84B3DA2E6E4
4F161978B843B93252C410F84359BE42173DADC59475C1378F85DC3F7D05A409
4F63398E4FC8C3137C18CA020FC1BCCF72286D9B3AB77FE8875E7DB3B1E1C5A6
4F770FC783D1C7E5DA00B2316C459D00123672964FBF697AD1457C5523AE21C5
4FDCDFB581EB584B830265BCDDC25249F918F7B41A9E5AE9F10122D20AC161C6
5066E7214AC1ABCC3539256CC049BBCEEE5075BF177257FA0F7AD4CCEC0DE429
50789A3B3054F3AFFD4F5740D1E535D9E4F33B9F81F14450E9797440103B0723
50829C5BD4CCCF6027788F57AF348AD6D8BBE07C3060703A5E53C55CBF01A727
50BBB168B45CBA276484C8950742CF112C3CA3891471E0172B1E923A2C6B12DB
5161FEC7631BC5EE530F9217837BFDDC9FAC25F7EBB3D2952EA610A70CACDCEB
517C9404998F9F450F7BAE26C17DE5AB92BF97FFFADE78DF7BD198BE916F2C51
51B23008FC053C453B36B842187487DB19C62D486F3E47897F24B61B4C0C5AAC
51ED9AFD73B1FFC5346A24BCB6E0B1E6536C34B4D920CDB9490E8E181049AB00
51F118453809FFF69C38F4CEC3A792330B9F26108406F9DAF1721CB07393BB9C
522A2E23978B98DAFC60E2BC3E415C985777DF08D367BFBD16C0485FF8AB5AB1
524174DBD2F6754584D8D0C12AE588B496B3A0AEE32912560ADEABEFB5B8A3F7
524B368F0868155494F9EB29CE45A33B4C2F6FE8BF5D49CEF1CC2A31ADB5DB58
52937FDEFEA24A2CE164D4AF6DF5D9C1AEE85BAC7B719C5824B62EB172A19D86
52FEE5953F1E72462876CD8AE21F67522674AF29FC7AB4603CBDD6DB146EF616
530B8704E2C8CD25DF0183679D0FC60D235AB776935B924AD9EDDFB60A5501CF
531D34A124CE9D6A7DA5C36C44DE22053B9A2C11533A5B4349C8DCA42C382BFF
5347E8D6D06D1D1154F296B90B244CED87D99F4FCABC39FFB150F14B0C2ABBCC
53C5CAD7C22055BEC95F8E78A9D85114A901E3C88E03C68F4762F7E5B0851148
546EB165C9EE72155B92F1FC3EF444FE52AD11BB402438B52F8BEAB77256A5C5
54A55AC114BDD72C12D3320F6476545DAAF00B21A7C4943D5EE50D1922C32F41
54EF7B688426D189621D0E743895AE99E33037652015FDCB4F229294B4C7173A
561771C989668F20EC37B32DC6E949C8B86DE42D82CDBD15973D36643CAA5373
56830A0476A1387258BD4BFB68BCFC673E11643663129DE9481EE19FB1BDAD69
56A53588A786AD8F62172A9BD2B2388E2B26A91907A5669E6D76A14C4F2E02DA
56ACE10AF5DA5D0360D680A480E01C7088101237BE00DD342A9ABB52CA175CA6
56BC660496D373DCCB20C65A5BDF15E35F79198890F3FEF34E566E47D94FB037
56C1B77434A69185096C53773853EF57390590BFCE1866B2F7FB040D1FC5C5EC
57DEE32747640C684335A9A937FA35507FBD0B6C5362C58293954A54996E1E89
581100480B632198ACF662FD04751F29878E3265F1BCB73BF67AF611EE20DEE5
58612BE48B9D7583514D57FEB775616BE6A074453AD63A98230ADD7DFBB2BF2A
58DA7E5CD370B55E9AA138FF3FDDDC88E0BA003DC7E31D16D90264052867A84E
5902A79DA4958DFD8C84E51CCAB76B99F816DE9D02DA96F9BBA9B340DA45BBFB
590EA1B353463B12B86F1DD2F599B7C2F009F5BA759AC8B70F9FF59CA3A17529
5917597D2A1921F0A23D7C75AAD667CDAC66EFA7C9C3488904286C574E5DC0A4
59AFBB0953CAAC58DA463139B3D5B114D0BFD69961A40D17312752047758F0A2
5A1B16BF1B41ABE6BF793A9972B3F9D35AE25A68658B9C34FE5099EF2666B8DD
5A4BCF1571E1DBD532E86B741A76E5A84DCD62B88C4B1EC466448D9D1592AC97
5ACED1E62C6CAC52EB73EC9D8869AF8A31B94ADAF4191CC0BC3DD6F54AB0AF80
5BADAA62824FF90E0DB7E78FC4C455E37CF1BCA38FBFA3BDD8A26733CF6F7DB9
5BC8EF270032C0794E26514ADF137BBC7141E812B338D9C0AF0DD08BBD7D09A6
5C6D4EA0EE318688369DD6A5C34FCAFF47CC76E8236C29C8A289DD8CDED947C9
5C9D4B25337CBD65A7F72406F5B3C425477AE1012A18C7716DC98A00B8550B21
5D5016E2C08E2C7FE479439C1CD84B7FCC807B2AD3239687F280B9EFEA8FBE9F
5D6291E7036713D7E1F1F58C1A986A7DEB73AF19885EF1E945335F2A44BBB88D
5D96FAB2CDF143929C406885175EF126FFC127FA3D53EF62B4C32962577F5894
5DCEB1EA62713F7A09B28C7141FA1BA27FA06D2B8F968E7E56B0D9B18B445A35
5E46B4DF9CBB5EBE95C09BB01BC81CB4314B14F83F81AE2740122F93BF5E97FE
5E505D2DAAE83D6C50674F0C2FD9F4A40E75D644D99F882A68CFA99E0D93E004
5E528F4F98C03ED5B391CB70C872A6862E65A4642B4E2694FB6DBF49EBE499A0
5E996A8E389C46AEA1384C08FFBA222C17D47A0D42E19273798AA76AA317042E
5EC984BE59B0DBEE0889522212C9F0058BEBF1A0EACCAE28C084A342653FD959
5EEC6CF0F9C10D3F651338254CFD319D04837BD511D75A4F26B9AFC9B3795E66
5F0FC3F6BAD63E254B6B44C7F98FB9689EC44B7264AB7E2411624F0CEF771219
601A7985AA6CEC40184BE6EFD5E7CA94C7FC4AB09E0FB56A763A3ED522274342
605102768C0D9A5AB8A7F66CCF3B3CCAD186E4C14D6786E15DC753F8A2E48431
60A442A5C03938898340AF3AB09179C5CA92327B16D17A1AEDE4139E13CDF592
6107714C8DC0695D755FF41DF722CAFE22C2AF4292709666D3D3B1AAAB97B5B5
610D8C1ADFCBA1A58EF6C94BC6F6338D98D14B40080CA0BC3D732B75A9B3B37C
6157F9029796F76A0EF722678ABFBD6C6A3220D3A4FA63D7830D1D824D90490F
61E2B8232499ECE84499C5DC1C1ABAD76736EA48971C7BA5E710B4BD2258ED2C
623A3685DD85732D29BC66835F2936232761CC1E08AA4E9FAFECBBAE837EA75A
6255FA15B23364A25CC3E6EE7783F8AC2C63A9454A0E43C66ADB1312CA757C44
62A5AD5D69B5C2CF1CDB2BE4A063DEAD676A7F6E93DD7F908C679DC224529788
6311F5FEFEAC233C68944F4D05231A1F3EC5CBDC92AF3CB8DE75FE75519C8405
633485D42DC92FE1090D2DA10ACF8B5FEFB8607452B25E0AECBD0C187047BDFE
635617ED865A35014CC5D35B0A0004578D49491DB5C573FBE58D84814FA436E1
6389122B90B99C5D347CD764078C6BA1D448F959E3BB7686B38D19B6B95329E3
6396F5518DB0B92EF73D7BEBC150E7BE14D1DF3A226F31F96B32E0BEEA962739
6397CB481637285A743F38BA65079394B94D04BD645E229719652274366A68D7
6439E52BDEFEE0DA5BB42201E56D8FF8097090225079270822952FA73717D093
6478A7E2003BA3A8493B7A40ECC602D59396F4FED3C2E036E4B164AAF49381B4
6495E1580F30AFCFBB7AF9A3C1A93F83E54A9D49D8800FD7CBA440C50698FC9F
64B59DE61586E67EDB3ADF15159CF21B17CA3411AC9A6D1A066103710FB81B80
6517D94308D36A796B77A4A9D2F4E58B65D1B1811A680CD23C4F45FDBA4FEF69
653B59ECD75E1569AC1F6ED13FA60CC5F60617CE7A94E8B5E1FED73A3A14432E
65B78BE3BB81588D9940CC8595D500D06AF5617D6F6233BD1432D65C712A869E
65EC663AE095390DA7213711BD8CD4EFB6B728BBDE140B3BA93AF5F1A586498F
65F2BA3C896C74BE35CECE9A51280F52032A07F6E0B8460AE3A0B7FF0C307A79
65F9BFAD8B2F998617AD8A6798B57B5AEA88B1E35C36F428CEB95CAEAA27001F
65FC5D500A843ABE55B9CD19F2E76B623A652EB4AD2EA3C345E9E8352A224893
665C3659C3A87F92875B2449A087C58D0784402F6451C35D77CDF50E1B66132D
66686D3305D8F537A95C569E199971B369B0D7E07ABCA42FDAC42BE2C9E63150
6689C9D575B74D77E7EC50B0D0D863BF9D815E5A4A25E015BD3A0C0CE10A9E6C
66C538252AB94EFFC6D9F769F3C3707CD93E87553D6C0144480CFFEDFBB46547
679D6C4B9557556FB0C8B5E0D60D44C9B11B1AC4C4A0F106B689DC1974501C0E
67C988F8538A16A9E0F353A295AA7D9840B4FC81B2A423635C37530F29612D90
67FB4BC95624B86C0DEF2286B6B87970F5AC1D8ABF265FA029524E73BBD8347F
680650B12595A12A9A0EF42B6306E4A7394E769427C79B2FB26F9648BE5DF599
6814B018AE703E9924005E568E299B946CFC2C97F66155AFA4A8B9A0DD10502F
68572031128D9A2E701CCE0CD905C8F6E9BB3072D8105C0A0C37975CD18AC749
6888246924C1AD2E47D4F750EF96C3C07864E68B45A1A8D1538883BA8257D4EB
6904902F1E34C3BE114EDF4E5A57D561A4C576A94C726402EA0686431D088917
6908BAD7C2E5351EEB853282E13FA3FA7C59C063B3C3C022502823819947680B
6940002267EBB2456A035D6C22ED6B6164617068737F22F311C9FA4E5E356134
6961200348CD46773DFD4FDEE306B9BBA08326B8C0A68FE7548D1C609B24B889
6A487DC85E795366FBC9209857E74190660EB4F922E5AA13ACBD8A04A0B14B72
6AA19F8F4E9CA90C6FD4ED5B562E6AAC85C4A0ED7F6CF0572EABD53ADC208013
6B5F369740338F2FEEDF10CAC806688A6882C515A8465C7479EEE5CF733A7E37
6B6856069A2D11FB35DA41D741AEEDD11356461FCECADE2590DE0C71852AC10E
6B8C299A05EE2EF6208D9D4F5D16700DE67D8E1F88FCA35F840E93656BCAC76B
6B9AD6BF7CDE65AB63ECB585C11F519218972842F73282F8AC80E53421B2E549
6BAFB9DACB81D8F86B89005FD3A8B31F7A81B6BF166880A305D5454E1D17ED23
6BBC69C3DE5B45F43462AED800E72C4D91892DCCD37A1F135C88BFA59BBB43F3
6C0AB30BD4B69A8C4F60FCA53DB16FF724A77039F3F9C35E402D446F050EE297
6C2D4D600C992D98DE5643EE3758DAA726077F70084C23C32EB80B57D61CB472
6C34FA76584833069B90F3C0C6FC29FC2B0C42733B4E74CC4FC3D166D7124528
6C520C14FB9A40A4944BD14E6006112B0F75485DF4DA4858EBB9218CFB0A0C40
6C9203093DA0931E5B178FD8E4B2EE8D68C84F7220D8AF90D33A4CEE6B780694
6CFF004E501DA742D93785940DBA0F5435BAB4DA76B827D7C7EA0815F381C250
6CFF44A7537189B8191ED017C401755058BC977702417B6FF3AAEA5701C85BB0
6D090118B340A979758B0F044BE2A61402194ABF8D1351C459EE225751033972
6D1787F8AA2571DB42070BD3BEA5913BE8F9676265A94BBF92B5A06496A3C4FE
6D941B4CF2A322963EFB0EEDA8A6455F1854AFFE7581D123D8F0618B24C53565
6DCB4A5FCC8419E6DDE0F90889D3DC315DA1184F616D21388E0A909A40871184
6DE3B07E1DA525ACA540612184BD3E0A3E8D13489CB8B2602CD84A3079B481BD
6DF4519B296D9C7A72631BAE9479CFAD02B9B7B2F3D6FC97E17D89524F5A4CF3
6E0D47A857BFA7D913E77988070CA7FA02050CE694968070E77494FC8F220E2C
6E159797F99CF367D419702B130F6C9A9229B468AD47F21101B24B5CD2CEF4F4
6E2AB5488A78E61BF63EE4CFD942E85D92C2CB10F99F86E2338448E8346555D1
6E69968313CCC1E449749119D03E4A158765F72462F5BDD121B135C407771AFA
6EE2665B1D344959223A1A7C420CB17DCA705C162B28DC5739EEA20F7A3D09E9
6F726FE964F0AA3494DF97CF298EBA92632973EEF742D422F58827359E36866F
6F9B501C66A6DA44E617EAA7EC578C1D5BDEF5AC61C256D0ECDE51456EDBE3FF
709064AE84524C7B33F4A367D16593FF94AE1ED9BBC6AA760B471BF44AA0BB55
709B0BD8D5B6A24C1C931431BF9E37D9C2ABE83FB17DD510DE825833E17A1905
70A2BD7B0D67E6AA03B276CA093F5A01C4BD7FFA66B640F4E022891365587740
70F839D1E1A993669ADF6ADC172A7B0C529F9DFFD0085D31318EDA91A173C771
70FC5FD264B982D7F0D2CD7F707914FA6A8E54C91A62545EF315A5ADD9546224
710569218ECB1952E0E0D2C836D1B2A18CB6DB157BEC7AD3CE34070E391834B0
710748DA56BB3D773A8B10A6D2E5CF8DCD4A61B48258C1A639B479CBD9669EB2
716D622BADE60DD98B08F37E8AB53A72E4D615FFD27ED09715237813FBF66871
717129A59615F88B9915A191455BE5DBAD265BF1B08045C8CB3F2B8E9A0EB02C
71731B66447DE38AF3873E90F0678BE1C9AEE1CD2434C3681887FA7100138D60
717567BD70EEE715C85A311A3A4474C8A52483129341D5B009401191355B92F9
71D6284844AFB0D4A82883D6F132A12E22253500FF2D335220CB5606A1E0B8C8
71DDEEE78242487BA50D521AC8513AD65B86F159583F58586F41BE85859525AE
71FD71A727850275A9778948A48FE2FD3959169D75EC03C135C6B77864267BB6
7298E423518B7DB363CBC42C560FEB0E888CE4AE0F524DB0C8D011E20056F7EC
73C035628EBB3A167A8B6FAE34E5F658FE8F194C63FDB48891ECECCF832B8D38
73C5BFB50EF699D217DC18747CB3C023A31CF45FAFE918CE22C41C5536EB1817
73E1EAC3D78CCE00FF088AD06137BC6F67D8F1F22212E63F869483F7ACB13B8F
73E2C9EA7ABF9F680731066DC8079018FF645633D3EE8788FFF43958AF60358C
73FE23D5645DAD2669E63D90D81E40B201D486E982ADF0FC8AF5CD051BE01308
744D9302E62711DF66F9F1AF4F7DBA60384BE8C22E61D3FB1D087D1B8520C031
745C64F29B6A41B09EDE2A7D09D78B84EDE732A9A87DF1255359C79B284187DB
746A284B129D25FB0A7A95420FF4FD0A8CCF2704A84ECD5D2EDBFBBBD955A235
74867722DF731E9FED1316ACDDA168570ADBDFDB344BA256B066A6677C4A927F
74E4FCBF91F6BF71619FD65553C405176806E77A19560F414707097C3F00A36B
74F98CCFB993AFD8520573C4B8306071667A0F96B84AF5499F8923349ECB1FA1
758F27C7C74B0CF855C29E80ABC5FE4D3248513A12078F47D63DE33BB3CE60D2
7595A0F35E0C8E22300133FED18AAE98F424C8EA6004F66684AA1CDF6F211A6A
759BA5EDBBE4B0CE14D41BF33D58B5C75EF624A51A0D8A58317EE68114D1A7CA
760B798A10E5596F2A9A6C7B206DA1DCE2CB454ED8D5F5DF06DDA2E5957E674E
7640B54D4C1CF56B9AC296151F798C5D2A6856EDDA519520AC29BA89203C230A
76591AC8C6E0AA26A0DFBFA8412CD8CFCDB96DC914DB725DE6C520FE587EFC93
76896296002C7AAAF65E456ABC252A918A41F620187AD923DE73B2ED4A6A76A3
76942B9220912615D63A1FBDC9EC6C74DAE0B309345E70B76F94F024D72DE31A
77041275D1096FC9FB6787855EF08933BD91D86A7FD3B123CA137B5E1F29239C
771985E2953CACF2C0B59CE93E19230AF1EF74CD4127506DD4B253C495251671
77449D07D0378E2EB22680567C4F88785FAB01EBFEB10D7F0F9B372EE295E9C5
77562D83D8A5CFA585157EBCBAD1FA477462A1CFC75DC61A40505D17F9AEAE6B
7769879BE16ADC16A154F1BBCE78E10C13458E9FE813A0837D1E4539EB07AD8C
78064E0B68067BC764102B47391F0D912F8C250E17A80FDC3828EBBEA53F497F
786E133764EA32573E091EB3A1116DDE81F2DC5A767574F6231360605D9C50C5
798F34430B8A2740C19A5BC551E7A829798393AF66346AF7B8B8823FBB11D32B
79B74FBA8FDED558572153B2F409A3A51473752043AD05465FE4CFA53669F14F
7A28F94CC078F22BD304F9F0B5A38FDFEE984EF4075E31D1D0337B248B7455BA
7A49661DE23A378064979A06BB4C543B1A00C0AAFC1E87EBC5C2978A573AACA8
7A5E2F29519C7C22F01C21934B6FC7830A67F204318975978792912F219BEEEB
7A6B3A14B30E863DD5502F27924EAC72C67176E6F2D169799B9DBEE38189D69A
7AEAB0BD092AEE87EDF0C1B27C95DE61DC423CF8DF1232C57F303B5D88EA0EB7
7AF3BCCB090B2A170358AF5CFF5B3277390D5C0A1B135B360FBA9B607D593A54
7B813348168A129DFB2B67DF8628A07AB3337D7F75A21674653BD30BFC9CA8A1
7B8BBDE0B7D8D4CDC35EB30ADAB5D818A43CC65230F3B8036C7E0A11A03DE593
7B9081BFDB80E6253D8B013D11A15F2FFA32274A3E14D177DFB6390B32B8A2A2
7BAC0B198422EC349EF05D458328B942ECD855C0E7E8185ADCCA956AC06FB247
7BBE5283A85549334ED3A29C1636034087F87E73D643C04497EC3BC298DF1090
7C7B0292D52C3B11B004D51410B6123B7D81C7001FEFCC80532C26BAA947DCC0
7CD90A9298E42F560F2CD5B6E14351459E1D39AD4A7E844C6312772F230DC2CE
7CE4F6B675A5D1394D6D6BF006F1AC6E135468C8B5800DF4AEEC3951D521C8C2
7D0D44BD8838D8DAA98EA13BBF63B8B5401432697302EC4F72601126D87EAB48
7D0DA1FE53377329E650FB639BD533DDB053096EB8A06AB7396400871F14922A
7D3A9B7A22064C04BC601A0AF9D3D040380B018EE4D8CB707BBAAE994B31ACF3
7D3E43C241FA565C51CB6D07CCB9537FF868986C83DDE6DF8E01B5BBD2FAC73B
7D6193D268F74C39E919A030CA0C919AE4A9FB5E6BF8A979C6DEA0A2DFDEDA9D
7D621889E6F0B28CE996829A34FE1DB11CCBA981BDA453DC5D7118F7F09DD833
7DA75A362619FA02EF69154C6144F25FFD2C1AECFA17ED68718CD62798E38DEE
7DEE5142B5E524BB66D662348610FD3184AC159FF65E1AD64ACF75BCBC0B0A54
7E347FC9EA8B3DC983F05D3AA08985C0DF3E0005EE952F5BB462E8145C316C02
7E6B3E269BDB9814575DF5461261C3915AEC23B1039DC7AD7E3FA9B6EF3C952E
7EE9E0143C25EB0A23A72E2D72BBE1B6BCCB0F859F0BA8ACDD7DF843A8B7C1C2
7F170BFF9C512AC7B41742009A4E03AFFD65EC5BA384D1735AF65DD508ECC307
7F3149D507C9C41A3268AE2CBA46FDF6F36D96774B20B0B475A59F2AD822369C
7F503C0F25EFD060A6B6E58B08813658606832F591054D9544EE077D808074A5
7F5076E3FC05C3DC140F645933B281586E0CCAE629C54FFC3AD163760FCF8787
7F8C3569AAADE1DB74EADC855AA0984E8844AE870641DACD782A46673625C9B8
7F975CD7E32FA9A19DE5D18B1B8389B60F04DC1485F17AA6CBF693ED9C977581
7FD62B5B5322C1BA3D5713CDD87EAD4C34F3E3AA992F42BD59F18E6182607FD3
8091DC9AB11A3C2BC8ABF09D0724328CD86344C5BE8A2DCD53EB691944D53BEA
80CBDBCFB4EB2DB8548E9905117D8E823AE766C2928C803FDE025BB3BAFBA00E
8107748E9CA09AE177AEB44D2EE6B0DB46A465D4250E7348EA1673CF36EF7EE0
81847C3EF15F6C6FE6593D29DB32A0CFC69BCC376F6F90578035E778E52EB2E4
81A2E61A664ED5E295E69A6677AE3125ED3203D9283FA7DCC688FD554CE4E4B9
82266ECFC3F56F18DA383A95BFDEC0CB24D37390ABD9FFE22F06A86BE8DFF17B
828441E9ECC0B0FACFC8AC994CCDC50825E852146D5D1548784E921A8A7CA457
82C77C59AEDE46E3B6C938CBE4B1F5B6B181C8E91E295D51216DC77ECA2659D0
832545E90FEE523335F30BAAAF1BE57B5CF36AA2786ABBCB1A807BA4CC694A6F
835B6E730D611FD4D801400DDE060AD6EA72632CE2D6CD0B2ACD4CCA09A33730
8382507F47A263CC16082CE3940DF9DDF3A58E5E0AD1712E89A739A2E537B1F5
83B5A452FEA69BD95A357FAC836FF51B0DF098CEF53C91FA52CBB17C5C121CFC
83BFD7B94A35E59CC14671BF99102E0743767DC70B1413A1A3EAE25F23D9D8A2
83FFD124377314028A908682304FAECC7D609AC845BE7E1B874433A005D436E7
845B5F74AC2BE2D393A4DD885C4A70B452555402108C655101C5BB16477237A0
846BDC58D9123CE581472CA228D2361350D24401B289E13E2CAA44A70382994A
84869946875F8DC431B1D081E9A2E4FBB31398D2ED29191C39E5724F1D6C0387
84FD773F0B69A6E043C5E478EACA2CAEF4ABFB4BC09B836DF820F242ACFDD074
8510E109B7031B8FA7CFC415687EFD18C4740ECCD162C138904515A19B09B3D5
851CE11BEC038FCB2D1FAC9E2E68920F1AC8DFC6E77319A680808E6EB765B674
85207488C395B1A3AE311F62FC68FA2370E6F5379B1F601B04169F60C89F206A
8565916D90823415BAA81A43ABE462719CDFC3E4915A9762C68781AB79D0C110
85ABD5F40B707A64B65CEE33113E2E34011A308A3371C305F4288BED679D23D3
85BAC495564976B24B0E7C58BD3EF87006DAB546796DAE0F8D046D71BFB6C3A8
85C4CC4AA3A7F060BEC19CCEA8348FEF8265A65619F67E68A54A0A1C81EDA66F
85D778554E2334EE5805AE6191146521632BAA1FB5AC43C14A097878F9F525B6
85EEAFC41AC6600774D5A2F80415452C1C8AA92EF847A9017B12096AEC88766D
867323B8298D01CBF526BCC0CE620881857793874112634D5A8B005A6D1CF95D
869F2F03F5D723EDCB55B55EF858132CA3D6469E7537E6EDFC88BDC139C1CD55
86D643C4A0668737940A8CD12F1BC8D3AF7F070EDA85945E5CB039F7A1AF9872
871A5DB44AE1CB08157B15B31638E6E38ADCFCD117A21CCD88C0A447C53FE231
87419E8D3795258292D064A7E2D568807E74F0D1D3109077DCBE230FB9FC5CB3
8781EAE92D1C2DB64A0F99BF6E1740BB0D444401CC5B5E90D0D2474954E536B4
87F3D60648A09C9012B52632CC11A71411A3E7B4BE10CE901312780F5EB51A80
889AE0BF8C881021BE43C10BCF83D5ECA9A9D9C55A3D80E7DCB8835785E26222
88BC96536D8B6124EDF4B7A311E03DAE1268A2DB716A8B90CF45667DEDF37EC1
88D44FEA6BAD69A0AEC719760034090EA79A763EEAA9345D2FADAFB4FD83C961
88D9BAB1E547D408334C0CD2AB8395FDDE0D97124E54AA49E0FA6D0E62B38063
891F44D85109AF1A8573493E4E5FEEA979646102A805B608F432A771D33024EE
894D138686F1408FC7D35E1B0DC4E6DDA7920016EE3B6FDE2BDBBBECB258CDC2
8972F0583ABBA99ED9E44784B3C40A88F0D42D46936EAF3C4DE6283DFA417017
89855EDB665FAE31CCE1A173D29A95CFA6CAE88E219B3759A9D7E8BDFF380C49
89B42B4DF60A8E98959D3AB6409DF80A72F97287A5D69C21B2A3E2466D5A4373
89C8AED69027D0FE33ACEF65B2E8AE924D0DE5F740EAEF315787DA3034A2A3B7
8A137DA7AE158FB2C76C8AABA8DC6535CF3A9F6590EDF2DC41DA46FEBD7C0476
8A1890229ED0EBFB658FDDEE0189DA3E752349641985CE4EEEBF092CC2096B7B
8B12D0EE71F493BB849A7F4D1977B035F53FE509E25C0C3532F7B8932E4A2818
8B454C1213EFBB93CA83C740B675BCF520A7E9547AB72E8FF44D9C3303ABD452
8B73F75748809504CC884C7DCF847C195CB1A084B2917C7960C6BBFE739019CE
8BA8642F95DE76A07C23674315AA15086743A1945D26F8F8EF88BBA531628D3F
8BD6922FC46E74C3986748D412F4B9BFAF61ABC2BCBE90082DDA9882B99A3929
8C02D2833F8BFD9E7C12DD7A2FA75FC6D411C9007E23905EB0AF769EA4851EF2
8C1C31643F96E5F4EF2470A5B1D6D820C54819045261ECE9315F279720AFC47E
8C379530929102DB5DB0E99587CE47C5647322F11E3E83598539D35133D70EE1
8C5DBAA5CD7F4F928C51F97085431B9F03609B55C509E8A065D753B0180F0434
8C91E5CC549535AC64891EF331E5FC1F325CD504EBCE218486EB3B604AB50E97
8CBC0AF550CF4A8BC822C50456E6D87AEA3E93C710D6C46989F98B5682470ED8
8D62931BA291A0521D20ABDA618806712E30C3E8F96584187DE15426DD05EDEE
8DB63A8BD58671507EB607FFBB5A19F61D0B0B6F2E295FD17E44EAEA1A5366E8
8DD3421ECC0F274FDB2816CFBDA98E4D5066F033AB5BE79D3D93996DE355A5EE
8DF0AFA6E1CFAADD6A2B188CF830A40F7B9C1D3433ED45CD1F146CEFA169D611
8E0B0B490D38AD2F0FFCCC867C007A7EF82DF2AF8675DCAA9AD048D40D9F4344
8E6CC338C299B9C48084598317DCABAA2D66CE139CB40A4FF2C72A48C709CE3C
8E84B14FFC106806D5EA7EDE4F77135AEA448FCC881005C9DFB5286E88AEDFF6
8E8C52C5487E0FB8E8BB0938C875341E7E1ED56518F88305EA77E09B1B025D34
8EB6D01F6D5BD0B28D67E045B51FEB129AF3AB376E6D29235D7A3D8DF973B1E5
8F2A94E4B5A99FBAB03DA44BD2A9AA736218E05E90898212EACB334B74DBEC79
8F8491D6A7AC7A52022F511C0DBB3E8E094DBF6F98D0A08B2B05B54009E6BD2F
8FF20A8570E57433242D51ABF1D0111BB8E56F4E62727AC3F1F234494131B608
906A438620EC5BE6BA30FD19BDB4A5D545C2B8B8B67425ECC3CBC9F50B6225B8
907AD2BB03155624C44B49EEE55A391E6C26F409A08BE01BA11408C0EC762B79
90D96856DE8F7EEB28AEEE5CE89BBD10D325817B4A5FD50B360482FF5EA6A98A
910770C79D9EEC1939D1FF2EC3260BB0A6811C97D15F3D8CFD435D8B229C5FEC
917B73BE5BF247956104F361ACFB15FB82387F2471A0A32A04FAA38A1D5DB5E3
92A767FCEA87A9BA5402091A492F6EAA976688FA569D4302C546AAC748423958
9371BEF8104BC8C4150FF8D70115DEC5CE9C35460893BBBC6A1F2D4364E5EDC2
93CB6A0CBB79B8D694EFFFBD1B9726C362115C95ABD0573F9A2B5A6EDCD98BEC
93F727432821EAC1E78DD0C11662C7CD8168C20EAB36BAF0D4E2CB4C6CA2B577
9438C8BA5C9B4DD7F87D4834ADC3B4122EC665BA8E9C9FD8C2CBCA2C1A9A2078
947705D1B721D4B2396103DEB82A6F2D98032D42B89CB2902A99B1A5AB2C0B71
949ED27A152A9D30315810A6B6047A3BBF72E3C163B8FA179C3F8133029F944B
94E21976B7517959A3707BA146C03BD7C35D315EA8F3F4E308900698128D7130
94F73F99BA3F3732E70B4566998DB73340024DEF0821EF1B90CB20BD86B4C42B
9536A6246506EE913A0EF6444ED9213C7971D031FF404E8B196AC856D857B5EE
954E66E1384BBD35259ABB776F8652C8CAEBB020BF6D9B6360EE417D00BA238D
9569AC5485CA5D77B35BE145779249E3FFC7A55AD81E84994BB350B41DC5F778
95786D886576C497B1CB71B1A1BF02FD13C9A99DBBFFFCA35C8FBFAFF1BE7869
95CDE45EF173F84D4CCA51097B218EC09CBC43706DA4E6A4E483C1D45EC355DD
95D2842850C6F7C8F052A7AA96C680757A26638234427F679BA919CB38BE0FD3
95D617E68DBF78F9BE320D58F8867C61F6E7D342C15B165D8B6EF98BB5844850
9621C61241A7099B8C1F21E9C1091921B6AA592FA095854DB17A528CD22EFF41
962A2FA2C60C1CAEC98877E82C6C05221FBA7D22C5BCACAE7319E1E665692FBC
963B996E7D88CF97FADB5E0A7454E06ECD421FD76298B237E6C412FC59F712DB
964553B2B25EF7F4F801F62901B0ADAEF747890197CDB4D33078EEBB60E1D60D
966F32E13DAAFF0A84D6961A5E227905338B8E44016C9BC136D3A835B08E13F1
9676CA6ECDDDFBEE37A1EC5906CAF4FD90593CFC0F50C8FD066568483AEF207E
96B538E63724E4B15A2550E8C4E2A93CA9B6A430105F4E437B960C6AE0DB1570
97180D40C0A9E99F8F83E67F60A62620D8A929614AAA39F64FDF78582BF924BD
973FD7E21546933A4B962624FEB9F2A7C6EA140AE4AB68369B1BDECD10DC4ED5
97B1C5A741D474FDEAD88ABB5A75E771AC69CC354919E942E967C7F9D10E09EF
98104F2C023A895099DB3E7EECC95541923A94DA44BD3BB1CCD4A97FE14B01CF
98CF117734A161CD9232A754DEDC5D3A9CE820D145B6A10C3176122D3454F517
9949BB95F582A863ED5A28B02EEFCA4EEF4F2063C0DF6078D992D6C74701DEBC
99557EC65085F1ADF3052E759F5BC24A35FC34EDB8B20B43BBF3684171DF3B52
99592DEE2BF18580C42D046AF08921B08FD7C2F4723406F04FEB08928B57012B
9972D39D29494A92A3D0FBD0FAA85712F3D96AAE1A3CAE775BBE3DAEBE18DFF6
999B4DC151EA6DE3CA16467AFD58B3416F02357520DB4C349B7FADF078F09E97
99CC30B40F2CCB8D2F44230D6FC6B3D563CE159B32A5625B280962D8EBD5BBED
99D593059387DB6AD8CA4B152153E9D149812A68003B912180538491C1E9EB16
9A1815FB45AE2BA5CB4283A01033B1A465DD3ABAC644AFC33FA90794CD91DCBC
9A4602EA0903D72F76DECB4113810CB72BD7A747310127C0C3859CD78874377A
9AA762B3DE977A808722C4A5ECE80734AD940D56EA723F315799A86AC8EAF694
9B230F5BCA0C504F2AB465591F1E6FAB111B463EE42719E257012256A3205CF1
9B2C09585734C62BF6E9818304F75785E3D5254C82015E2E671BC793C77FC618
9B51872AF9BF5AFC50C79E3554A73C50E7D37EAFF046B516A9443FEA89ACD4A4
9BBF9C1054BA3AA940F3F4E930D2B82D9A11A2189C28BBC1C4503D13FD952BC9
9BC5223FDC7EACA29532370F960E5E4ADB86E7E85070A12CB4C1E05728F7D416
9C251522EA6DE5DC06745F9BAA32EC01CED74EBE9C0D5E00857607D64AD5899E
9C3834F3723965E288D4C118E2E8ABD537577E61138A33866C24AB64AD395BCD
9C422AD03DDB6A8936C58336E6975926A36DC14E88D0972FEB0F9C9953D2D35E
9CE91FFBF57CCE1D374872432C5D2EFDD89C5A8FA810C2E090F8F306289155C4
9CEE52119B6D777AB4B3ADA9C92EB2D553C8679637F8C94782497E130468AF23
9DFECD05EDD0364CDA27E3513881AFAF27E3A95CB1702C389E0FC77C2BCD9269
9E01A15741AC9792E0689B9D2538BF8E7CC407681E2A26B60A37C118DA8921F7
9E09D5C198F4945767306D17B57C96BF4E3CBD03A703BDDDFFB51C71FFB89EF4
9E1B7DC84CCFF6513BC114A57329AF1EF7148723B78E1FD9B1840B5A5F8CBE10
9E3E723400AEA59739071F6AACDBBDA71893E8DF21B1829E255790CF1F971F36
9E732D93FB1B65B2B427BCC50433817FA4F6F4F802D810B1201BA02A0907A3D8
9EC9E711E47D7C0A05470E1070D4DA65690D7F3C929E7C0D28087C50055962A2
9EEA1025FD1CF03431E967BE57AA48E4339FBE4824F7EA23C1938A824790DEE4
9EF722CE9E12A51076C77940477722FA3B198624E2774845A653316E1B180DF7
9F1F4F57F76106D04B33993B8E96E00DDFB564CA13BBF0128A78B0926A35A56A
9F8C256D0CC25C045C1C2081B63456CAA3DA5830F0BFE87EBC61A41014F0022B
9FC0A55C997F67A8BC81BF823451F66ED3A452501362035B2FB0E7397B06DC3F
A05D0A52F8F255806BE51BFC3A1711B6ECF247BD881DD60687FA03ECEF5D991A
A078496A9B6C3920D3A7C2BC64DFA161D536AA12E77D5911BA04AEF2939E98C2
A10BDACD9C97E98EFC74EE156E0E6B1F741A914A66BAF045C8A62A17F0BB54D0
A13EA692BBF9FD0B09E7C6A88BAD998768B7C410E9A8AAA1FC28E358950EB62A
A144D18113B61939DFBABDBC96E0CEA8EA3B39142345BD52853A5CFEB0005B28
A19C589538AB1E8F9E4A928B32BDF2F2E4137977F3B1AC616FD258CAC31DCA62
A1C1D207388D134C67CE61EEBFE2E9C0414D0F855B61B5232868B30AE69256C1
A1EA8E11C85E70E8EAD3BAF9CE920986AC1760399EB24E29DFAFEDDE41B122BE
A236661C79E10C130A054E6C8CC27C2F05B52A4A64D1FFE1619969112858EDF5
A251476F658C383A62B1A8B0E1F79296537F3A47A0FD4EB1E46F704D0B938563
A2AA9EB0C0578AED2C93F66BA3995F0DF075E74FB579C7EFBCD64ECF5587DC3F
A2C3058B930AFA045AA001D213B48E65D3666CAE805556F2D3EE31058029A327
A33A19A1EC410C9CE7900B0DA38F9913845A63860870551D86E0445B9CEB423F
A397BFC2625513BA8E3198F91E3E804BE0F64CF908F6B4CC7B11BD8CAF3F5823
A3A22006A2355360A9568E8FC68EAF6C4AA3E104427775053D7FDAFF6618F6BC
A3C17BFC3A1CD842DE16BFEC0909CC2E5E312EC0BDA3951FE888C17AC17176C8
A3E7B488FBC611B9959877ED4647976515FB91125CAA8FE8F8B2D576FF1AA20B
A409061B811A6A9048C9A5A42EAD9ADDC47A54C4A8063588DFE504B5EBF5AA76
A4429CCF2CA42EA37A65A25CB54D7F14CD2D45B9E32123B87239440DA69F9B94
A503387809D5EE1680643DBD5F3DED9FDDCE01E5F01D3519A0F27AF6637CE4FA
A515071F861F983711F57DE33027316445F353FF70C3A80F84C6BEEA41D00203
A5B1960D459CB2101FEB75542B6F0D6E771497995A28BD053CA1C482F7D3BD31
A5B491FA44B613EBAE3C2D419645C0A9BF64A80CE598D922F481A2EFCF60BF30
A5BA2D7443FCDFDC15E04F7E51161C2B8DE58CBBBDF7F1F540C7E1E50D4BCEA0
A61A0AD7D05DD1D86C4D5E7C89A86862EE7D1B8E18856C26DE9CA0A70B7C3144
A647E09B61A5654DA3D52070D191A980B5ACE45DB2BB37A89C4E9B3441D07591
A67574A91231C0DB227A2F574782151F82194CEE5C0DB15170E1E8AD389C08CB
A6B6EE66ECF8898174B54B110CC949EBCD1C9190C62CB6A8106861EF593CE5F6
A6DF68BFA2DDDD8C332AC0CA49B307A7D6C01E6D39A9F6A683BFECAE818FA00C
A757E0D772E55E514ADB1A6FEBB9531AE953E8CFBFCF7D55D6DA5549D9C16C0E
A7A97617D230E80B3B62A05A300987000312E0A12C8C16BC215CCBA14F4C546F
A7D1239F5301B2B1B70A06A6494387347BDAEC99E69B2ECEC5D704BA92B8C856
A809820CF6F8304ACDF2B39F2E30D33B8B1D492B78DCBF2943E560890D3C76A6
A83C12AF9A06BDC14716CD404AE736684934024A0DBA5ECA0B93F1C8C89EDC36
A897EEE4F6DB1385F5F584194E9E0A07F62733A39B619098E0D4ADF882CF783C
A8BC48D4CFDA4A158C00FD47065C64B8FC4A481A9DD99AC6BAA17E9792EA0242
A90EC907689A62F73A8943BB1B49AB9D69D7374B6E50B0EF2DD5F751BEE95998
A94AA840A75D9FC7FB818EF2E6F8F690D9F5841722652A9BBD8A434B60768545
A9DBA5B45349F8011B1B79584C3CA1F707A7FAC9BB07E1F286714265BF1B456A
AA1CB150E5D5638CA8F1AE4A1BFD1593D22071481E11C52B8D0AE07610FCD2CA
AA548BEA7A831657DCAF38C931BEFD2246A363FA5B7046A8408CCD429C63ED38
AAC358135F76C1B9CE805366DFFCBBED57B2E3901B79200A1EAE874389E2C10A
AB67BF271BF174352AF45D0BC43A7A25D9E3EDBD75949CFBC9F0CB7AFD292597
ACAD21E5D1ACDD657245ABB98B964CBDC3E92A8630B5A735E7B9BEB38F1FE2A0
ACD04FAC88F51D834628AB3341401B66F30FF7EC018D762A9F3F509E290218E7
AD0E32D03440148DFF50EA0F3F18F175AC7EB341F7D2088C8B2A0D0F6D1BA3C1
AD891853BC61A6BFF8960B06A097C3E7153782A6ADA3EC1678E9599042736787
ADB2DE4F377B57FFD8D136E506B0ECC9803604944195A2D9364C4808B65F9008
ADC071842651FA93F5FF2BA06C840128E20BD8F2E2971387D2296FA10D2590C1
AE0EA55E9B2E3D640ABD9A3D8DA4E4F26A752E5C69EF80D50EDF8C3934C317E8
AE1573D1834D6F40DE504F6A14C7D7B455D764FF0EB58A1C13531EAFAEC4E592
AE2672FC5BA6D3E008D83F4E67807234BDA894E298AC2F730668AEE0C1177ED7
AE49AE44FE39B9D9DCF783A0D2BD472B387CF1875558BB60DA132F67A2BFEB34
AE66BBA9FDFE5DB9D4E5DF9834EC769337C933142C1B63564E0A211A00114F9F
AE6AC94A526D36F56A52278DEF76A837CEB423BB753C32C0F1C148140F6CE421
AEA0F2D1DCE9D34D6D0B21C685BAE09A78FFA56D267B88CB47E03BEBB6085EA8
AEA2C827994F33BC6473F0152EC9157E512348D69A04E09C0E99298CB5147EEB
AECC0912C0ED2197C23059545ABE9133549CC189D10257FD2942EC0F11D12F33
AF00AA900F1A1B2580FD47D79AD981A6CC522AED79AD57DC9995E9BCFD45BF1E
B071BDF61539C98440037758E8BAA8D98026C025006EE3D453834BB59F12C6A8
B082A2B2A5F09FEB80BC4DD809E923A13D4A239A484678D62F7529CE64F803F4
B0D35EF90EA2BD29CD630566FD6885C4CFE138EEEB666148701C92D233DBD4E5
B0E357D7B41032617CD440DF80F939F16ABD9DF51EAB4A153D217BC8CD4FCDF3
B10697F8F1D85A434973B948A5F318CF61FC163DC869CD4C0C791AE6A87C5675
B12F675703C541A34D0EC57AB13D26A402AB1C2D262101B004823109B68929A3
B1605A5AA0EFDD20516B3A6436C059E630A18479BEE9F14066D24DBCD300E778
B1807BB4E9C158DBEB15CEA039BB46E49C4F63385D341925047D706B77532415
B1983522E28313D9C148E9F9B6F7E9AF35D99955A82D369D17329F884F03632E
B2BA7C6B3D892F96BC1AB49BE4145ACB6C1F450321C5A95232029F776EAFE05D
B2C72BD6CE6010215E58CDAAC94AE12C0766507AC0A4442954877883EF290FD8
B2EFBF4FC784ED141A10F7652FB4C0FEF3F24C3B357546CE282C27F7A96E9C2B
B305294E1B0F5A37966DEAE07F6C2F7F7FAFBBB3520AE12C4DA656CCA84F40B7
B32FAD32A322A924741A759F26D010278E0872B30BB75A008D1E3CD680DF1E97
B3372C5DFBF847664EB1695283FABAA4283C51C4610AE79445CE9D6C504F2460
B342FE3F61C3E695E79D2F9A55B3D077C531A44A189DCE957EB967E50DD159F0
B3937FDE5D4E05CFADADC455A12F29D2216B12CC0F0554F199F22CD1D72966DD
B3BD968729FBD11BC99125C864F8DA6752D8D81254D00DF086BD8145757A12E1
B3ED83EF01A10E228D6FED5F10868670CD70CB9EA80B8B9461E67D6C6CDA1FEB
B40D4209D5B7DE0B918B5213E515FE2010F2B04018F8DEA0AE75156352BEA0E6
B4159FB44A5D4BCE624EA3C22B6D50B552EFDECC787C9A9E170F96AF40757099
B446668C78233C6DC00CA1DA289A3A28FA60C0B2C6814036254F94B12210402C
B46BBCCD9BF5C428207C4B840C9ED8ADAE0A21687FF73624F293EB525A0F2C7D
B4B852BF1E426AEFF131862C6CDCB671F7C5AF16D0B34249042A05F632046A6E
B5EB2C81B081F9BCE1FF6BD4CCF07D004ACB61F21AB20A0F57B88C9F31F5468D
B642AB98B4F58B85EDCC2DC3910269ECBE4059B6A0BF877C1782996E7A414111
B652A7DD645C8A4843F50BA2E919DAAA0D9F254C8DA5146E70969E6F1842BEB1
B6AC2C98A67203EB5FC5935BDC6A718973CE31AC98C151A563EDCADA9A4EB94F
B71CF141C01C2466D757829D67ADC798F0DE56A41232E04379595EC0C41592F8
B7834B9DC6F6B6237D36E20635DE75481B2A44B77DF96EC8425D733C5E02C843
B79B9925F314A975B42121D0B0BBF57120588F790D3A42BB4DF4E3062381B44A
B7F07A2899CF78F1B9B76AB6497497724FE029C3D11BFEA389697052521F26F4
B88CCF21CD50CA32B571C9122D5C0D58B1D47C0B4B505F4B32B0072F7020E602
B8A20FDF31F2A82CD8F85B6050083A16A6063B80B410904DCD35B4BC03887E8D
B96528AE674579661BDF51FC557E8C1323C5C4FFA050FB5B1A04FDF7164A3CE6
B96D999AF0ADB6887485A04F34BFCB7E11396B353355C49C52771E82A07A95F8
B98449C108470BDC234C2DAD296972BF98800BD4B663CC5045001A4D1D3638F1
BA2E0B8E079B24804DD23556A1F85D92972626589C37916790B8D92671171CD4
BA49E89384EDA4A74B6440C125D2E92DB96F849D342CFBFBAD9CC5DCA182E8B8
BA6DA32A256232660AA0349F6D67225139B906FF5E08CF75B5FB68ED0CA00A2D
BA96F19D34B6AF33C1EEBC36D7474B863A70D325E6816AED0CA4303D40DE72E5
BAD163F08BD8296BED51C6102046904C41EF20FB72D7EC2F63BFA9EE99F55324
BB05B7803796FDF91D4908454ABB74FA1185D924C8D5EB9343CB8E74854D2B6D
BB0AD7A4E95A36D0B9B958200BCC792B6A29C31D4662946A1850106EDF0AD58B
BB38DBF118CD134B18D5619127240525A0CF8A86829C29E76D4310EC463BC868
BB9869094254AFFCB4478A625CFF48C42B04B8F9BC272DFA1B5D28AAC70589EA
BB993AB7468971C55EE590EE2FD181A8D461AF92525C56FEAC0D09A9B25448D9
BBDDB7683FD97AB2D0CE7652621B5619AEF4F0C1076695F4C9E40F5A867EA0F8
BBF4CCF45ADC7765EC517FB2F89AF1853781B449164F3D7ECF316C61CB07263A
BC71051979FC137D0EDB3488A076122C65B9F723A889703707A2D8CEC83C26AE
BCCD1D6C152C29E96F4AD0FAAF0F51FC692042FE5AF0A33310E660F302D13C2A
BCE1EFA376DB4B2A5C824A57D62930FAF1B380C46F5F3CF885AE036ED43ECB11
BD6F23ACD6E391FE26D4B4C6420384649F000BF82E9EA3A2DE1AB27EBDEA932F
BD8270C0FD56DF325E4B408A07BD08F455650B20AC20934CBCF50D578AB53796
BD8E410166D2DF2AB57EB8B97FCBA5C21DA71824DAB8C7FD4FC07101E4CCA6F5
BD95FD6A5D34436EDAD8183534D12A0F240EE4A1FDEF3A0EF8A32423226C50D4
BDAAFF6097DDFEECC35132BAA3176E422D12C31F942AE6E398278B3D7F061AB5
BDBB65583DC4162A52A9BACF9ABA27E2082F9424C3D4BEBA12A81DC05B964A60
BE82213406FCA95903B16C0E5A507D34E36AF8FFDA078B19B41F3A20E2CB2936
BFEDE0B2F8E03986310ECC57F8C25EB2ACE9C5848883273E04DBBF3F41894397
C01ABBFF47785FCF672303DE7601949E505C6F48653374138F2CA0470DA92760
C02F31760A72342A55AFC3897EB68D98B263BF5249CBBA73F5D83FA6B0E3969E
C047619C46F8B262349795D36807C9A32CD8232A9A61F1ECF9C713CBA9B02231
C060239A172CEED62F9BB0A4433493DBFB464782C77DB615C5D28EBD33A99077
C0A1B208866F08E3C6E9CC651F425B1F59DE71B5950D9083C2A566C07BE4FCFF
C0C5EA6187AAA9FF88230F47E030D578F0B53B2BEB1A2F3529B6CD546484C054
C0F867FD07F62A17D048674C3F943CE22BC5DDF8B16DA9AA7D6DA4FE85AEA017
C10FD9BFD37AF148163D3994096C37352873BA492C56F4A5CE7C25FB19B56EC2
C17020CABAF42416A089F04400A9973044DBE707620FE9EFE42E24DF196B4CF9
C230C8D9F9A99EF12F410C5D9ECB5EEA2781B35A74D1DA6FEF7551341CABA48F
C3869E21C994AE4D23FB9A7E80914D68F6161675A321A14B6A5353A31E2FE455
C3C268BB01C8E7A91B16F52568558C2690F316169DAD9A95B387EC4E4BD2DA9E
C47808DCA43C1A57AB41D3DD8B28131E19B48D0A2D5CAC3AE016B1693364A1EB
C4850BA95A0E1E0D61318571316832C0412C82C52D05DD9E7D1DB075CA4448A3
C48DDF9DB2624649B486AEF8A453C0B409B663FCA17E60A6E7F4543C3727FD51
C4CE480E393DB8BCD68782D5F0369B0CAFD41E7899B8B1E99AB93EDE89A3BA6F
C517976133B833FBE3B706E18CD980E6C7447640B16A286433C323FC854AA850
C5283370B2E9AA8627FF2C07BAC9B7E839400A02426E7618725ED5E9E8E0A855
C57C3B0C79B0F98C5F62E04D257E0C1C8CF0D3C1442E92ACE27EA18676D20E48
C726993320DD67146D241605123E15AA7524B49117368879FAC0D19DB81DB2CC
C824B497A68DC5A343DC337E881C2324AC99ACDBDD114DB564B36C8F39D1542A
C896B9525BF88E4DE69B27D7C0A39C434E2D5043DE11F2762CF2914F2C11A975
C8CA0D000784A7BD3BCBB7125B209E3ABA4D8D7663F99AAE26737B4334A1F307
C937DBE47ABC597A348DD821FE04738F2603FD4F68F260411DEF503DA1D6E749
C944C06F03776A08149AC1E1C3E7E032A06C3EA533C68A66E73546B737410B6C
C9B5C399B146CF1D85284212305B9710424C60FC1C1057EAFB6D619DAF6AE1A3
C9F4749BE15FD390F6B786634D679D72F873FB92A2E8E3A53193F5AE8B04F769
CA3345A64168EC7547E7E2B04E89D66388D0C47D38B870862DB85D85051DBA8E
CAC345CC655CC6D06A68749D87E1F145E8AA0E92F16FD4C94EE23B8A3A39A053
CAC86F54E821FEE53FD4FC8EFB51A825120CFF5599F5DBE70F47456DCA5C57CF
CB18A0AC1B4543F031F466944C63896BEF591B396CAAEF462E7962896329455B
CB2AD42037CD09B689F9233E42098A94C6AB245E35C33EA202303E083512AA88
CB2C49E65A7F89486C4C06D12CFD1BBE4A8597C89EA0B016E8204D4EC109A7B4
CB36039DDAF93FE9C8B31A2A41B0048CD559A6A146BB4C02E62AF755E78DE424
CB3CD8D68F8FB8E9A1AC7FE82C3F7BBE2EE9A0B3D68B2F6FB4A24CA66BEC1EC1
CB67F54EDCD3B0F0F949AB81135D5BCDB3DF1A3F117290BA7AC60323903A13CC
CB9B6727CBBA84BAB6A2D703099C565E4129F8BE0D97D43216A0634FEB5E8506
CC200BD94D83A23255787E74CF0BAF0159F61465133DC87D5641C4D466499E8D
CC757A4E39C9366E657B3849353C8D242E15D2017ECA443BC8113D3622B9248F
CCBF9C38AB4C6E8CC79B65949179590731C229DBEC85E3A0B7D15C6F346143AB
CCE1D4BB31A49F58D7CE211CC4A1D8CDDAAD0ACF9358CF3D3D5D8BB5D1D34991
CD218154A7DAF4641BACA973C508133F179901E7CC381B24EC8F4CFB0BCB5E0C
CD6D8F155B51E77A290707C42D08BFDE89870B6A29CD5ABD463CC396B700ADAB
CE3EC64D6432FCEB6DC722BDCDDA950566D7CFECA5403C066FA7121048770EE0
CEE18A76385CDB72505D516064D4D760A6D99ED279D60163D0172D345D3F8908
CF0378CB3516B281F8BE866711A5E728EEFBAD9E09E8051FEE1DFFDBE17294E2
CF62497F5845CFF7DA8C5A859821D10DF89AACCDF1A586475CE4DD1A87DA9276
D08991025983750E436E0728F1647D6353DAC8AD030D09B84CC7106C2B440A7C
D0F36733981C481B6717DEB22A246A779326889D63C6AF92472E0293DA5AE8FC
D1F29DA3256CA818E972B97A8E296EF534555D289DE898166BE3955D290B8EED
D20C225BD188E17FC17067787D4FB12C0463E5628F25E6351ECD647AC91FFB2F
D210BCCB4E0F507F6BDFA016F0F22EF32116927E89AAEE9AC8A3A5C542FACA73
D2445AC8B42AA447A22C9C6396C98737DD1CB0406B58FC41D70AE1D8A48A717C
D254C23FD2A8237C0E2D5194ED2E59986F0B8FAB4C5272B5F3DE93F628BC36E1
D26585954767B175CC53F94AAF96F3F01D53B4BBBBA38A04E84DA89639CCF1BF
D2F208FC7049890CDC070F2CC8386B6F1F6061AB2AA58276CFB6BAE728D8895E
D308A0C7DF91B3D7238D2F475D77DD0A4D7CFAA6D70590591F5D731A890E5131
D30EBE59252108939980E871CDE810CD422219E7613BD9E0B49E70960ACD2C9E
D37CC88AA04C271A7B42F19A6D58F6EAFAB74CE699F2D6B9AABF192A6C3EAC4B
D3E3CB2EEA20B96500993C07642D7C6618EF4B920A94DDA21B836FF85EB196B5
D3E4A650DB1245EF24BC7E1F967A8430DF77E9A66FE00CC809D155D182446F9E
D40B71A4EA68D932DD12417277BA41CEE4766E065C97ABBF91F5A7C94CFD89C8
D4428C10C663DF2249C63ADE2B9A03B011D004EB07B6E83B9AF864FBAD5B77A3
D477519751EF344B725BF5F66FE50C55642AD95FB4343A0A55CFAA6902AD4B46
D48936773996B80C0A695D6D2D7925429E0080D329298E0EBD6B81D4DED8E3AA
D548F120DB9DFC5A46555A892EE453D6013CB8F940A0D47241779CBE2753CA2B
D573E1CF3F06ECC4F74CDCD8021B1773E9CA2ED48DD7A64D5A88F11EE5B6C1CF
D6694DB0C8B184CF62DC6E4AB75FA8E7CE01178C8AA1614B3D5381887C1B735B
D68AD5E20760CFD0E5A2B78372F3F659DF4BD65077DAB4412667014F96BB83D9
D6A61754E8902C553B732D6AEC5D608B49D156032505E570DC1537491C55499D
D6E1326DD3FCBDCEBC3F1332F956F6E3B8F42F34CE4894326EDEAFE63D22C4EC
D727A5E41F043BD34C8EF4AC6B637B2E38E499D2768A89F2127A4D8DF1A5A4A5
D7645F697BCB837814BD1F8F56918DC5631CE04BEC84790F4BE0AD5963B6342F
D7BA1388FA289FC556CB48DC803650BB7D12BFD34E56F6B82E3BBD5A40670C5E
D7D59F14A9CD19674BDD6E48421D206AACCE861D1B3F5931C1A4ADA1455F53CA
D8517059539202271BC0F63AD7CACC6956E947BBB3E4F1690336F529F3AB63CE
D8C3875F66DDD4B91A1DCDC494FD451944538B55AB48630C36FA4DCF79EA658B
D911CEBD449950DBD57FDCB9AE59C25F812B26D5F06B1A319928CC5CC622D1DE
D94B5BB21B3685F0839EC73CCC235D68D58F588240B129B25DF5327473ABB416
D9702FAA9C0ADF0932C1CB2BF3D07CE94500C26616BC6AD2264D89B658B02693
D99E03EB0A30D8FE13DE94DD77A5312B6DE9C675573B223B9E8D9A2950F5B4CA
D9B216D59C7DEFF98C8FFD35D6BC935A3AA1CA29B0D0B68809D6DD445CF60546
D9C1E2A26429094FE73E0E5AEC990EFD97AF5820CFBE98A23D10198A1FD92E3E
DA519705F20822AB828C0765B58B173096FB23DE48312B7DEE6F6183546859F2
DB009003B412CA9F2B380BA458D197B9566499C3601B287700DE26FC5075828A
DB0DE82C6A8E9FA2E085B11B5513FB27D2F9000EB578A86428F8C48B5F732BA2
DB2BAAC405C24910C891773CD9C94C7799D8CE86A7B1B0C9229BE11A36FE324C
DB2C8F0B61E4E31AF357BBDBA2861AFB7205DC488A673D6EE2A99C01C011E1A2
DB3611CD723BA9F9CB317828D6C6C5A209B68AB115B8CAD29D3D669DA793E8C1
DB3800E252C4491E4A12DA94B4ED17ECA907A85E60104D139A10D55D6BB5D76F
DB3DCC5354B331BB50F546ED6A6DFAA39A6DFBAC24B3E631C9CF7ED6FFE10E6C
DB508B7FB1AC32DA098A41988005602DAA2224B28088630BA94686AC27ED3D10
DBAFD0668F4012A047A550266644EC410A436313031CC986286E99E437269703
DBB3953415801F3C325A30BE4F01A493587E0524674616A9A39F789A957D4C9E
DBC56E69786F6B9F6FCD8D76C736E0137201AC9A1D7F6C50E60638A535D008D8
DBE15C9D80E267642183ABEE09DAE9E95655012A02D6103197BABBD7E733C118
DC0E4651EE71145D75E20FAC65D3E959C691E4FBEBCD1662E5C74FCEE186B6C9
DC19034B5D92B273EE658B3AB6CE4114A315BE78D97335C4ADC5D7870DBC06F4
DC7299E3616B13CAAB032D6715243DB4CEFB7F68402BB22C98F54B10C7338329
DD23B00DDA86BE6B87BDCC1A34649DDA23F649303EF0A7677570E5AD873E5AC8
DE917D92CDC7F3A021E5307C592D29D91C4DB2C544BB62A9EA1D6BFB1C80AECF
DEEC573A33361DDA67E8759069BBE38B7E9439C379533387DD482B310845728E
DF40AD8A5F7D566B39F8F8F10B1AEFBCA330982A7205E3CD61D970BCC0184ED2
DF561003BF1279941BF369FE3C778188EE0AF1574673D688FA4AE4AE9A0E3D1C
DF67C64C99C2E7BED0251E8ADC2D4E181250E27AB955B6F19F849F667FC18F22
E0014EB55D1727644EB5DAC597DAD09F6208DD0ABA7818D058BD3C107C1E669A
E03FF1B1E6D3DBD705AFF61E57064B399D438264A47A16B84B310878AAF449D1
E077715989BBAE9E6310F2E8CB71B1A872F0B16A54749242E2826D646D19AB49
E095C223F1AB68A026DF5DCD9DB299EF958D7F7BB16A6CC6ECDA0DD3765461A0
E150AE2ED58FB582C174FDD8F0CEEDC43640B8BCAA69BB74CE94E2C5E330B8B4
E24834323AB49C8A448420AD9C812F9CB8A560833AB50A1947FFEBB83874C6EA
E29B92AF592CF7C372D70A382B1E83E60C95A32175581C659EA492AFDF7B4573
E30B260CFD49F87613A57E5E20CFB3685CCF389EB4DE66BF4A7D302E1AE3544E
E3210000A7FBB3CD4A770F7FB1DBF9D004D7478B0730E26509C0407F62D78D6A
E3996FD5CD588B2A188B6D96BC899D7B85EEC0570003959228B58F65B6A15BBE
E3EB64D837404D72C33A29459696392C7DFC5CEE65A8E5D655959A9B08376ADC
E40EE35E474805014338EBE9F00CC5BD6336EB10C522A049D5D5683A518EFA22
E421C980D341C79B12A7120981BAC67E1F1A86A4FC52A8AA43E5BC86CFB23FFE
E44DDFB0FDE572171BA60595B7AD6BC95AA7ACFA8AA932473C4AE6CBC0A3589C
E467060422647C66369CE77C79ACF7E8292F15C3AFB5154F9C5929D934C532C2
E501E397A92C7CCDF8E8E99CCBB4E314D0408445E1D30711A751F3FE86E8133A
E549768E03ACD88035E40F65719417AED4BF5ABED2021E4EEA89578DA4E9777F
E580A86FCFD058AE042FCA8C24FEAEF3DDE47B20BD7EBD8111145C119260EB43
E5870785F0CD43E2D67A4CBB847B28240E37D8C229091D80BA79CBBF6E2B7740
E5B16128B766936184DE3E7D2FC0DB720894768D7067020BE8FCE95C97C0E96C
E5C4F84F8747E845CE470EF1AB9442526C5AF1347F735DD054C36918755CE226
E5D65E00BA95F8D8E72A958F7BAEC8B6096191CE24C8B19688E5B41A88C4B573
E5F4D7C8A0B0BEB65553EE8CF44F7331A61A62435E9E09691F677AE079502C24
E61DDE593FE35121AD2F9BCD52A679E8D7F37690DF93B83F8379A3E7E17FE9C3
E63E115CA2D2F06550E6F14192EFEB67C9ABB03BBE78DA161A51BBB5ED4F78D2
E65BBE3D299DFF56FA329A302CD39C30665FACDEA5C6DB81B83AF5EE9E6ACA81
E67DB00D09C3BDAE0DEF53B7FE76098ACF6F8D20582762AAD66E1E9DFFBF3339
E7334E905E713FF1F87B1EEBCB6F931F7C7A6138F5E482BE7A041D91E28AD191
E760EF774EE2429EA0C11E30BA3E6CAA695BC95D63ABC5C24D35427A88085721
E7D7B4F7D02A4EB5BA63172862234B1399847B1B7F9D310F8F7E4A24543D2819
E8BA85CB6DD70E8778F9FDE5121A649D3E30E1C14DA6921EB6A995F224F0C41A
E8CF171D96D0C392524BFB0CF42FA9794B4FC98AB671B730FDB89B809A3D3F08
E8E84AE05E8B7064F6ACD70FFB6BF934AFBC7DA18C47BD06B85478D81256FEA7
E8EA62A47B84F0515949BD2B6A2543601FD4C2BAC4D55A7425A3B79933C65F8D
E90776BE955274F0913BA26FBF415B40600067630238F7010E83782182A2940E
E90EB55354CD3028A9AF15247943DEEE36C329F861A1FCC3483066F2B3D960C7
E9328AB7A1E8D0AB7E767BFB578D3B000B832E413A9D743D8F5AA9570C91F0A2
E9A5AAB5597DB0EE4ACBE90ECF67C4800DFEA1F06D5BA186F0F1E3BE5992736C
E9C5EB7FCD0CD790C0C1DF3EA206DF7AB07A37CA54D55AA7578605B847B17F62
E9D3EF42325DF4DE960379281D5276331843E8D9339DBA762FE8B5C77AFD2169
E9FEDBC4C447E959BBD11D76FD3D01F515B872030A16D2B3FB544B76630E1C1C
EA416A0F506FCD2798E763F4CEAD4CA5C0E2A71092948ABA1D3A8E6D61781834
EA8AC7E092B5EEAD366CCC0864732054EB247A1CDA203BB9DFF75DE48933ED98
EBB79971D14AB05F491789A3DE6B26A747101BC14D45CBFA987957748F43AA68
EC562899374E1755DB78BA15F27A56AAB2E9FB80ADB63C5991089446657B9A50
EC9137D196CDFDFBA598381670255F60B76D4AEBFBDB73053326607D72AF5A2F
ECA20AC1A490B0FB59865C4123314AD510610D1FAD7FA00F2C81860919E485A0
ED63BDAC8BC8011E37FC2CF3CF42F90D68AB33FAA5BC2A2DA005334ED611D410
EDB1FFA1DE7C26FD8857CBC313AF805393A1896AC2C81F6CD9099527F38B6023
EDB27BBB9C82EAC9A3B81B5446CFF630E5AC8EE94FDB35F994F133A44CD40742
EDC14FC94BAC694B3CDFD82CE569FB19D2673A31686AA412622BB9ACF95416B7
EE62EE1EFFE05B7055454BECDCCBF50C54DE66542976A24A63B36B07A5355C02
EEA405CC6FCDA5D38272F66FEA2138858793FA65D71A91AD01B7DB0AC480710E
EEB4AB7172BD60EA9C19C7ED2306C26E582461AD4089D0EAA89EBDA87A5FDD86
EF7007D826210C1ADA5821D92246040C508B0BA80DCE7689ABFEB9C6288DF816
EF8A86DC77CDC9320D650E5135239B0CDF5C24605C8E74B98D75BA3F10321083
EFB89DB45800F800D0D816FBA9BBF2E57F660370F6C4E2ACC825C85C6120220B
EFE5AC7FF84D900A8ECA7536029B7A1B32B44576C10B8DB3766D385E2A4CDFB4
EFF6BF302FD5A526CEA3A17147F47773C432472A052811398551B45C629A7614
EFFA9BB38265BAD782734232C65D70901260A700ACE656BD9EED3C320277640B
F049F3BA43FAA6D71BCAADFA7613E1E86EE716565DC46F176C9F4FCF17D04EAE
F053944F43EF676CCEE2713D739068815D35762ECE1D91CBA7852ADBF48DC61E
F0AF84D45D6FA28C131DFCE2B9F1AAD5205D8211B88A163E152385F863212434
F10FA06A9DE31FDC6249D985B746183EFBC5F1032F148654311AE3FEF716A429
F13E6C3723AD7B4762AA0DEA69AB621B56076D017CC18858644412800F2A5F5E
F164CFD41879D3BA9D35C682A0A3E1FC480E1CAA3A9E3AF61D785325F58962D2
F21A35604A35ECEE41375E5D6C876C93DB2B443BE2226E53C0EDA549281019CA
F291BAF7DF9BED70082F78BE99D533A648BE26AEB688ABF6AE4EBFDB1D989D89
F35F39EDB4127A8B563972422A3C9147D3C34B43FDA4F60562A35D15D4CBAA69
F36950A21ED1ACD18C72FC6E65EF4D642021513E151F7B31B143C1C4A23CFC34
F3893C23A49F815B1853EA64D109BB2778B2A93A3E8AE2B481FD211D400A8DB7
F49F91C1979D2D025967B1302CB6966056E4A77CE314596F69D10ED41E7C1280
F4B30F4E4E3BAC677E2C05D8CDAB1326ADB921CC824D540A49CFD1468A5CEAAB
F4D39BCF3B0E6B15D27F9F6F2BE5039A4EFA3B71223719807AEE33690D930585
F5117C6E987794DEA93C0EEDEDAA28195E230C4E8F5E4D57F9A7A0D3C0EF41E3
F5640B820413DFCD3477665F3BB2F3E7A1997FEDC8894C501B7A075209D5733E
F57CD40B5EA326E005E9AA9ED4DEED1F65C3651F61B4EE0D885EB7106C99D9C1
F5DEBEC0F9C639493CE22BE40B507413A3019A1C912CE6E9BC45EF5B78388C7C
F5F70FC3DC03E3A23DEE51443A5561D914A40367BC7CE22FA34E1F30CA0DD539
F61794D88F017592011382AEA9DA322573391D24EAE4DD6329A0B968115985F4
F6D9A89D7F519D6EF87A766A55B7B582D28A43CDDFF73C99D0866228659F8BD1
F704252DD30C15242DED58FD9DE3A0A5290DDDFF881CE96DFBC74A4F4208C579
F72669F5376B1B7CB0F83374944D18A4EA549731E089682DEA92733CB625E37E
F77F2B883426AC9FBE5679438FC99C407802B0B6491DFA78B8BAD1A0B34B29D3
F78C428887092FE41A2361CF67EF8BF080FF57ADD3C58BF7F9EB208D9AC4F4ED
F7BF8F1215998A9136A7823F27B8B47F81019993A0D3CFF47AA2A217DAE2C63F
F858026B3ED91D308C3CFF4CD37346C99FE446A86250779086527FFD1134CA38
F895D36A0FA4C5B9DFB15595A0DEDB297BBFD74F2D431D53808E1CB60981C7AC
F8E0B993294D90B5A8AB3FF3A0E9AC15190DF94F0DB61D49891C3BF07F8878CB
F8E0E2DEE20A260E9A8A575B9623E33FCE7D28A066B7665D6834816630370217
F8EA80335C1D112E1A4A9568B0F99525FF06660DC8EB4D2E708A89F8C8A2F767
F918FED7C6FA50EF36BE61B2A4B95A4FE73261ACB8C1779FE0D26329D1A6CF1D
F92077D597EB053651A27B5E15F2EB6E3E627323F5E7935BE91A7EC14E090E8C
F9313BB0F2DFF3438428247379C8D00B0A6A9B842794E2735D9112505B66BAC5
F964520D67FE19C14CAD6655FD6C45D2B95E8B2BB011C81CDDE79D4618E0EF25
F97745723B0AAD6406D6BF2A4B2BAAC1FF6B118890D0549932D208DD73E40767
F9A7E99F771BF7E6011915BBC2C2F6C6B5FD4B0DC8BD95B890BDFBF047460F24
FA22D6DF8A0A6FA657EDC04ED9A3A93818C21973AF470E87D455213A61EA651F
FA96BCCB86F40141C5ED187CA1BB16AA1440912F8F906B595C5957F9DD9AC337
FB5923F3D4F2484298EA8037E282BB422B46F1BD3743892AE9F3F514116405E1
FB9411C1AE8AB706330A6205AA13CCBE59988C704DDBD8B832DFA596051CB5C4
FBAD5EC9BFEFA6132E859DE32008C8E867EB1C35C701BF5241B58DFA58881A65
FC19024F7D935C9C203B09FBE24C9342BAD79C8E90251FF19BC6B24754E496B9
FC531A3EC3B125B6AA3B078A8F87ABF770D7B19E7C70B3ABCCBA54EAD437CDC2
FC832D7D4FC1FC6FD7AF7758E0B7463F72F5888E8DEFB5CD543CC8A130696CE4
FC92CF58765B8FDEA7860F91B69E6D3C327D0824AA4E6423C3B7235F8349AF90
FCAF09AEAB7DABBB581B7FE5EA95882E9693FC097E1BEC564D793CD8B391712D
FD7F85D18B7E94EBA97AB19A15683A43603282BBE4F5A6FC5430A327D721BF8F
FD965A707130F667A79CC149AFA526CFD9AFB103A6DE61713E300057F47E3E0D
FE2F6344F61AAEF385E3DC7C77D9E2740483B480D55590C141CD03A5A0DC0636
FE47FD99411422FA54B6C1001F693A1249DC80E401464BF91BAB603C94DAFE49
FE764F478FF5B0991EB6EAA941D18C67A62C8956EA32F233CE5B2F10CA46A5EC
FEDC176F1037924AD9ED9211984F14D416BEA8FC8589773859B6E4386FA164A1
FF21716970B39BE54923A5008C40021606B104820F7644C09B7E83F59CFBA70E
FFBD1E99EFFCA16C7243072FBA45C8E8A4EA21618F50746DF07185BFA2B47810
FFBE0E7D3E52C9883692374DFD003F72C4F024CA2A64147F231FC9B39EFB0082
FFDCA8E09D8E7615F942382195393E37DD57E762AAAF008E883EAAE4CC02C6BF
